lock_server::acquire begin lid=1
lock_server::acquire end
lock_server::release begin lid=1
lock_server::release end1
lock_server::acquire begin lid=2
lock_server::acquire end
lock_server::acquire begin lid=3
lock_server::acquire end
lock_server::release begin lid=3
lock_server::release end3
lock_server::release begin lid=2
lock_server::release end2
lock_server::acquire begin lid=3
lock_server::acquire end
lock_server::release begin lid=3
lock_server::release end3
lock_server::acquire begin lid=2
lock_server::acquire end
lock_server::acquire begin lid=3
lock_server::acquire end
lock_server::release begin lid=3
lock_server::release end3
lock_server::release begin lid=2
lock_server::release end2
lock_server::acquire begin lid=2
lock_server::acquire end
lock_server::acquire begin lid=3
lock_server::acquire end
lock_server::release begin lid=3
lock_server::release end3
lock_server::release begin lid=2
lock_server::release end2
lock_server::acquire begin lid=3
lock_server::acquire end
lock_server::release begin lid=3
lock_server::release end3
lock_server::acquire begin lid=2
lock_server::acquire end
lock_server::acquire begin lid=3
lock_server::acquire end
lock_server::release begin lid=3
lock_server::release end3
lock_server::release begin lid=2
lock_server::release end2
lock_server::acquire begin lid=2
lock_server::acquire end
lock_server::acquire begin lid=3
lock_server::acquire end
lock_server::release begin lid=3
lock_server::release end3
lock_server::release begin lid=2
lock_server::release end2
lock_server::acquire begin lid=3
lock_server::acquire end
lock_server::release begin lid=3
lock_server::release end3
lock_server::acquire begin lid=2
lock_server::acquire end
lock_server::acquire begin lid=3
lock_server::acquire end
lock_server::release begin lid=3
lock_server::release end3
lock_server::release begin lid=2
lock_server::release end2
lock_server::acquire begin lid=2
lock_server::acquire end
lock_server::acquire begin lid=3
lock_server::acquire end
lock_server::release begin lid=3
lock_server::release end3
lock_server::release begin lid=2
lock_server::release end2
lock_server::acquire begin lid=3
lock_server::acquire end
lock_server::release begin lid=3
lock_server::release end3
lock_server::acquire begin lid=2
lock_server::acquire end
lock_server::acquire begin lid=3
lock_server::acquire end
lock_server::release begin lid=3
lock_server::release end3
lock_server::release begin lid=2
lock_server::release end2
lock_server::acquire begin lid=2
lock_server::acquire end
lock_server::acquire begin lid=3
lock_server::acquire end
lock_server::release begin lid=3
lock_server::release end3
lock_server::release begin lid=2
lock_server::release end2
lock_server::acquire begin lid=3
lock_server::acquire end
lock_server::release begin lid=3
lock_server::release end3
lock_server::acquire begin lid=2
lock_server::acquire end
lock_server::acquire begin lid=3
lock_server::acquire end
lock_server::release begin lid=3
lock_server::release end3
lock_server::release begin lid=2
lock_server::release end2
lock_server::acquire begin lid=2
lock_server::acquire end
lock_server::acquire begin lid=3
lock_server::acquire end
lock_server::release begin lid=3
lock_server::release end3
lock_server::release begin lid=2
lock_server::release end2
lock_server::acquire begin lid=3
lock_server::acquire end
lock_server::release begin lid=3
lock_server::release end3
lock_server::acquire begin lid=3
lock_server::acquire end
lock_server::release begin lid=3
lock_server::release end3
lock_server::acquire begin lid=3
lock_server::acquire end
lock_server::release begin lid=3
lock_server::release end3
lock_server::acquire begin lid=2
lock_server::acquire end
lock_server::acquire begin lid=3
lock_server::acquire end
lock_server::release begin lid=3
lock_server::release end3
lock_server::release begin lid=2
lock_server::release end2
lock_server::acquire begin lid=2
lock_server::acquire end
lock_server::acquire begin lid=3
lock_server::acquire end
lock_server::release begin lid=3
lock_server::release end3
lock_server::release begin lid=2
lock_server::release end2
lock_server::acquire begin lid=3
lock_server::acquire end
lock_server::release begin lid=3
lock_server::release end3
lock_server::acquire begin lid=2
lock_server::acquire end
lock_server::acquire begin lid=4
lock_server::acquire end
lock_server::release begin lid=4
lock_server::release end4
lock_server::release begin lid=2
lock_server::release end2
lock_server::acquire begin lid=4
lock_server::acquire end
lock_server::release begin lid=4
lock_server::release end4
lock_server::acquire begin lid=2
lock_server::acquire end
lock_server::acquire begin lid=3
lock_server::acquire end
lock_server::release begin lid=3
lock_server::release end3
lock_server::release begin lid=2
lock_server::release end2
lock_server::acquire begin lid=2
lock_server::acquire end
lock_server::acquire begin lid=4
lock_server::acquire end
lock_server::release begin lid=4
lock_server::release end4
lock_server::release begin lid=2
lock_server::release end2
lock_server::acquire begin lid=2
lock_server::acquire end
lock_server::acquire begin lid=3
lock_server::acquire end
lock_server::release begin lid=3
lock_server::release end3
lock_server::release begin lid=2
lock_server::release end2
lock_server::acquire begin lid=3
lock_server::acquire end
lock_server::release begin lid=3
lock_server::release end3
lock_server::acquire begin lid=2
lock_server::acquire end
lock_server::acquire begin lid=4
lock_server::acquire end
lock_server::release begin lid=4
lock_server::release end4
lock_server::release begin lid=2
lock_server::release end2
lock_server::acquire begin lid=4
lock_server::acquire end
lock_server::release begin lid=4
lock_server::release end4
lock_server::acquire begin lid=2
lock_server::acquire end
lock_server::acquire begin lid=5
lock_server::acquire end
lock_server::release begin lid=5
lock_server::release end5
lock_server::release begin lid=2
lock_server::release end2
lock_server::acquire begin lid=5
lock_server::acquire end
lock_server::release begin lid=5
lock_server::release end5
lock_server::acquire begin lid=2
lock_server::acquire end
lock_server::acquire begin lid=6
lock_server::acquire end
lock_server::release begin lid=6
lock_server::release end6
lock_server::release begin lid=2
lock_server::release end2
lock_server::acquire begin lid=6
lock_server::acquire end
lock_server::release begin lid=6
lock_server::release end6
lock_server::acquire begin lid=2
lock_server::acquire end
lock_server::acquire begin lid=7
lock_server::acquire end
lock_server::release begin lid=7
lock_server::release end7
lock_server::release begin lid=2
lock_server::release end2
lock_server::acquire begin lid=7
lock_server::acquire end
lock_server::release begin lid=7
lock_server::release end7
lock_server::acquire begin lid=2
lock_server::acquire end
lock_server::acquire begin lid=8
lock_server::acquire end
lock_server::release begin lid=8
lock_server::release end8
lock_server::release begin lid=2
lock_server::release end2
lock_server::acquire begin lid=8
lock_server::acquire end
lock_server::release begin lid=8
lock_server::release end8
lock_server::acquire begin lid=2
lock_server::acquire end
lock_server::acquire begin lid=9
lock_server::acquire end
lock_server::release begin lid=9
lock_server::release end9
lock_server::release begin lid=2
lock_server::release end2
lock_server::acquire begin lid=9
lock_server::acquire end
lock_server::release begin lid=9
lock_server::release end9
lock_server::acquire begin lid=2
lock_server::acquire end
lock_server::acquire begin lid=10
lock_server::acquire end
lock_server::release begin lid=10
lock_server::release end10
lock_server::release begin lid=2
lock_server::release end2
lock_server::acquire begin lid=10
lock_server::acquire end
lock_server::release begin lid=10
lock_server::release end10
lock_server::acquire begin lid=2
lock_server::acquire end
lock_server::acquire begin lid=11
lock_server::acquire end
lock_server::release begin lid=11
lock_server::release end11
lock_server::release begin lid=2
lock_server::release end2
lock_server::acquire begin lid=11
lock_server::acquire end
lock_server::release begin lid=11
lock_server::release end11
lock_server::acquire begin lid=2
lock_server::acquire end
lock_server::acquire begin lid=12
lock_server::acquire end
lock_server::release begin lid=12
lock_server::release end12
lock_server::release begin lid=2
lock_server::release end2
lock_server::acquire begin lid=12
lock_server::acquire end
lock_server::release begin lid=12
lock_server::release end12
lock_server::acquire begin lid=2
lock_server::acquire end
lock_server::acquire begin lid=13
lock_server::acquire end
lock_server::release begin lid=13
lock_server::release end13
lock_server::release begin lid=2
lock_server::release end2
lock_server::acquire begin lid=13
lock_server::acquire end
lock_server::release begin lid=13
lock_server::release end13
lock_server::acquire begin lid=2
lock_server::acquire end
lock_server::acquire begin lid=14
lock_server::acquire end
lock_server::release begin lid=14
lock_server::release end14
lock_server::release begin lid=2
lock_server::release end2
lock_server::acquire begin lid=14
lock_server::acquire end
lock_server::release begin lid=14
lock_server::release end14
lock_server::acquire begin lid=2
lock_server::acquire end
lock_server::acquire begin lid=15
lock_server::acquire end
lock_server::release begin lid=15
lock_server::release end15
lock_server::release begin lid=2
lock_server::release end2
lock_server::acquire begin lid=15
lock_server::acquire end
lock_server::release begin lid=15
lock_server::release end15
lock_server::acquire begin lid=2
lock_server::acquire end
lock_server::acquire begin lid=16
lock_server::acquire end
lock_server::release begin lid=16
lock_server::release end16
lock_server::release begin lid=2
lock_server::release end2
lock_server::acquire begin lid=16
lock_server::acquire end
lock_server::release begin lid=16
lock_server::release end16
lock_server::acquire begin lid=2
lock_server::acquire end
lock_server::acquire begin lid=17
lock_server::acquire end
lock_server::release begin lid=17
lock_server::release end17
lock_server::release begin lid=2
lock_server::release end2
lock_server::acquire begin lid=17
lock_server::acquire end
lock_server::release begin lid=17
lock_server::release end17
lock_server::acquire begin lid=2
lock_server::acquire end
lock_server::acquire begin lid=18
lock_server::acquire end
lock_server::release begin lid=18
lock_server::release end18
lock_server::release begin lid=2
lock_server::release end2
lock_server::acquire begin lid=18
lock_server::acquire end
lock_server::release begin lid=18
lock_server::release end18
lock_server::acquire begin lid=2
lock_server::acquire end
lock_server::acquire begin lid=19
lock_server::acquire end
lock_server::release begin lid=19
lock_server::release end19
lock_server::release begin lid=2
lock_server::release end2
lock_server::acquire begin lid=19
lock_server::acquire end
lock_server::release begin lid=19
lock_server::release end19
lock_server::acquire begin lid=2
lock_server::acquire end
lock_server::acquire begin lid=20
lock_server::acquire end
lock_server::release begin lid=20
lock_server::release end20
lock_server::release begin lid=2
lock_server::release end2
lock_server::acquire begin lid=20
lock_server::acquire end
lock_server::release begin lid=20
lock_server::release end20
lock_server::acquire begin lid=2
lock_server::acquire end
lock_server::acquire begin lid=21
lock_server::acquire end
lock_server::release begin lid=21
lock_server::release end21
lock_server::release begin lid=2
lock_server::release end2
lock_server::acquire begin lid=21
lock_server::acquire end
lock_server::release begin lid=21
lock_server::release end21
lock_server::acquire begin lid=2
lock_server::acquire end
lock_server::acquire begin lid=22
lock_server::acquire end
lock_server::release begin lid=22
lock_server::release end22
lock_server::release begin lid=2
lock_server::release end2
lock_server::acquire begin lid=22
lock_server::acquire end
lock_server::release begin lid=22
lock_server::release end22
lock_server::acquire begin lid=2
lock_server::acquire end
lock_server::acquire begin lid=3
lock_server::acquire end
lock_server::release begin lid=3
lock_server::release end3
lock_server::release begin lid=2
lock_server::release end2
lock_server::acquire begin lid=2
lock_server::acquire end
lock_server::acquire begin lid=4
lock_server::acquire end
lock_server::release begin lid=4
lock_server::release end4
lock_server::release begin lid=2
lock_server::release end2
lock_server::acquire begin lid=2
lock_server::acquire end
lock_server::acquire begin lid=5
lock_server::acquire end
lock_server::release begin lid=5
lock_server::release end5
lock_server::release begin lid=2
lock_server::release end2
lock_server::acquire begin lid=2
lock_server::acquire end
lock_server::acquire begin lid=6
lock_server::acquire end
lock_server::release begin lid=6
lock_server::release end6
lock_server::release begin lid=2
lock_server::release end2
lock_server::acquire begin lid=2
lock_server::acquire end
lock_server::acquire begin lid=7
lock_server::acquire end
lock_server::release begin lid=7
lock_server::release end7
lock_server::release begin lid=2
lock_server::release end2
lock_server::acquire begin lid=2
lock_server::acquire end
lock_server::acquire begin lid=8
lock_server::acquire end
lock_server::release begin lid=8
lock_server::release end8
lock_server::release begin lid=2
lock_server::release end2
lock_server::acquire begin lid=2
lock_server::acquire end
lock_server::acquire begin lid=9
lock_server::acquire end
lock_server::release begin lid=9
lock_server::release end9
lock_server::release begin lid=2
lock_server::release end2
lock_server::acquire begin lid=2
lock_server::acquire end
lock_server::acquire begin lid=10
lock_server::acquire end
lock_server::release begin lid=10
lock_server::release end10
lock_server::release begin lid=2
lock_server::release end2
lock_server::acquire begin lid=2
lock_server::acquire end
lock_server::acquire begin lid=11
lock_server::acquire end
lock_server::release begin lid=11
lock_server::release end11
lock_server::release begin lid=2
lock_server::release end2
lock_server::acquire begin lid=2
lock_server::acquire end
lock_server::acquire begin lid=12
lock_server::acquire end
lock_server::release begin lid=12
lock_server::release end12
lock_server::release begin lid=2
lock_server::release end2
lock_server::acquire begin lid=2
lock_server::acquire end
lock_server::acquire begin lid=13
lock_server::acquire end
lock_server::release begin lid=13
lock_server::release end13
lock_server::release begin lid=2
lock_server::release end2
lock_server::acquire begin lid=2
lock_server::acquire end
lock_server::acquire begin lid=14
lock_server::acquire end
lock_server::release begin lid=14
lock_server::release end14
lock_server::release begin lid=2
lock_server::release end2
lock_server::acquire begin lid=2
lock_server::acquire end
lock_server::acquire begin lid=15
lock_server::acquire end
lock_server::release begin lid=15
lock_server::release end15
lock_server::release begin lid=2
lock_server::release end2
lock_server::acquire begin lid=2
lock_server::acquire end
lock_server::acquire begin lid=16
lock_server::acquire end
lock_server::release begin lid=16
lock_server::release end16
lock_server::release begin lid=2
lock_server::release end2
lock_server::acquire begin lid=2
lock_server::acquire end
lock_server::acquire begin lid=17
lock_server::acquire end
lock_server::release begin lid=17
lock_server::release end17
lock_server::release begin lid=2
lock_server::release end2
lock_server::acquire begin lid=2
lock_server::acquire end
lock_server::acquire begin lid=18
lock_server::acquire end
lock_server::release begin lid=18
lock_server::release end18
lock_server::release begin lid=2
lock_server::release end2
lock_server::acquire begin lid=2
lock_server::acquire end
lock_server::acquire begin lid=19
lock_server::acquire end
lock_server::release begin lid=19
lock_server::release end19
lock_server::release begin lid=2
lock_server::release end2
lock_server::acquire begin lid=2
lock_server::acquire end
lock_server::acquire begin lid=20
lock_server::acquire end
lock_server::release begin lid=20
lock_server::release end20
lock_server::release begin lid=2
lock_server::release end2
lock_server::acquire begin lid=2
lock_server::acquire end
lock_server::acquire begin lid=21
lock_server::acquire end
lock_server::release begin lid=21
lock_server::release end21
lock_server::release begin lid=2
lock_server::release end2
lock_server::acquire begin lid=2
lock_server::acquire end
lock_server::acquire begin lid=22
lock_server::acquire end
lock_server::release begin lid=22
lock_server::release end22
lock_server::release begin lid=2
lock_server::release end2
lock_server::acquire begin lid=2
lock_server::acquire end
lock_server::acquire begin lid=3
lock_server::acquire end
lock_server::release begin lid=3
lock_server::release end3
lock_server::release begin lid=2
lock_server::release end2
lock_server::acquire begin lid=3
lock_server::acquire end
lock_server::release begin lid=3
lock_server::release end3
lock_server::acquire begin lid=3
lock_server::acquire end
lock_server::release begin lid=3
lock_server::release end3
lock_server::acquire begin lid=3
lock_server::acquire end
lock_server::release begin lid=3
lock_server::release end3
lock_server::acquire begin lid=3
lock_server::acquire end
lock_server::release begin lid=3
lock_server::release end3
lock_server::acquire begin lid=3
lock_server::acquire end
lock_server::release begin lid=3
lock_server::release end3
lock_server::acquire begin lid=2
lock_server::acquire end
lock_server::acquire begin lid=3
lock_server::acquire end
lock_server::release begin lid=3
lock_server::release end3
lock_server::release begin lid=2
lock_server::release end2
lock_server::acquire begin lid=2
lock_server::acquire end
lock_server::acquire begin lid=2
lock_server::acquire begin lid=3
lock_server::acquire end
lock_server::release begin lid=3
lock_server::release end3
lock_server::release begin lid=2
lock_server::release end2
lock_server::acquire end
lock_server::acquire begin lid=3
lock_server::acquire end
lock_server::acquire begin lid=4
lock_server::acquire end
lock_server::release begin lid=3
lock_server::release end3
lock_server::release begin lid=4
lock_server::release end4
lock_server::release begin lid=2
lock_server::release end2
lock_server::acquire begin lid=4
lock_server::acquire end
lock_server::release begin lid=4
lock_server::release end4
lock_server::acquire begin lid=2
lock_server::acquire end
lock_server::acquire begin lid=5
lock_server::acquire end
lock_server::release begin lid=5
lock_server::release end5
lock_server::release begin lid=2
lock_server::release end2
lock_server::acquire begin lid=5
lock_server::acquire end
lock_server::acquire begin lid=2
lock_server::acquire end
lock_server::release begin lid=5
lock_server::release end5
lock_server::acquire begin lid=6
lock_server::acquire end
lock_server::release begin lid=6
lock_server::release end6
lock_server::release begin lid=2
lock_server::release end2
lock_server::acquire begin lid=6
lock_server::acquire end
lock_server::acquire begin lid=2
lock_server::acquire end
lock_server::release begin lid=6
lock_server::release end6
lock_server::acquire begin lid=7
lock_server::acquire end
lock_server::release begin lid=7
lock_server::release end7
lock_server::release begin lid=2
lock_server::release end2
lock_server::acquire begin lid=7
lock_server::acquire end
lock_server::acquire begin lid=2
lock_server::acquire end
lock_server::release begin lid=7
lock_server::release end7
lock_server::acquire begin lid=8
lock_server::acquire end
lock_server::release begin lid=8
lock_server::release end8
lock_server::release begin lid=2
lock_server::release end2
lock_server::acquire begin lid=8
lock_server::acquire end
lock_server::acquire begin lid=2
lock_server::acquire end
lock_server::release begin lid=8
lock_server::release end8
lock_server::acquire begin lid=9
lock_server::acquire end
lock_server::release begin lid=9
lock_server::release end9
lock_server::release begin lid=2
lock_server::release end2
lock_server::acquire begin lid=9
lock_server::acquire end
lock_server::acquire begin lid=2
lock_server::acquire end
lock_server::release begin lid=9
lock_server::release end9
lock_server::acquire begin lid=10
lock_server::acquire end
lock_server::release begin lid=10
lock_server::release end10
lock_server::release begin lid=2
lock_server::release end2
lock_server::acquire begin lid=10
lock_server::acquire end
lock_server::acquire begin lid=2
lock_server::acquire end
lock_server::release begin lid=10
lock_server::release end10
lock_server::acquire begin lid=11
lock_server::acquire end
lock_server::release begin lid=11
lock_server::release end11
lock_server::release begin lid=2
lock_server::release end2
lock_server::acquire begin lid=2
lock_server::acquire end
lock_server::acquire begin lid=11
lock_server::acquire end
lock_server::release begin lid=11
lock_server::release end11
lock_server::acquire begin lid=12
lock_server::acquire end
lock_server::release begin lid=12
lock_server::release end12
lock_server::release begin lid=2
lock_server::release end2
lock_server::acquire begin lid=12
lock_server::acquire end
lock_server::acquire begin lid=2
lock_server::acquire end
lock_server::release begin lid=12
lock_server::release end12
lock_server::acquire begin lid=13
lock_server::acquire end
lock_server::release begin lid=13
lock_server::release end13
lock_server::release begin lid=2
lock_server::release end2
lock_server::acquire begin lid=13
lock_server::acquire end
lock_server::release begin lid=13
lock_server::release end13
lock_server::acquire begin lid=2
lock_server::acquire end
lock_server::acquire begin lid=14
lock_server::acquire end
lock_server::release begin lid=14
lock_server::release end14
lock_server::release begin lid=2
lock_server::release end2
lock_server::acquire begin lid=2
lock_server::acquire end
lock_server::acquire begin lid=14
lock_server::acquire end
lock_server::release begin lid=14
lock_server::release end14
lock_server::acquire begin lid=15
lock_server::acquire end
lock_server::release begin lid=15
lock_server::release end15
lock_server::release begin lid=2
lock_server::release end2
lock_server::acquire begin lid=15
lock_server::acquire end
lock_server::release begin lid=15
lock_server::release end15
lock_server::acquire begin lid=2
lock_server::acquire end
lock_server::acquire begin lid=16
lock_server::acquire end
lock_server::release begin lid=16
lock_server::release end16
lock_server::release begin lid=2
lock_server::release end2
lock_server::acquire begin lid=2
lock_server::acquire end
lock_server::acquire begin lid=16
lock_server::acquire end
lock_server::acquire begin lid=17
lock_server::acquire end
lock_server::release begin lid=16
lock_server::release end16
lock_server::release begin lid=17
lock_server::release end17
lock_server::release begin lid=2
lock_server::release end2
lock_server::acquire begin lid=17
lock_server::acquire end
lock_server::release begin lid=17
lock_server::release end17
lock_server::acquire begin lid=2
lock_server::acquire end
lock_server::acquire begin lid=18
lock_server::acquire end
lock_server::release begin lid=18
lock_server::release end18
lock_server::release begin lid=2
lock_server::release end2
lock_server::acquire begin lid=2
lock_server::acquire end
lock_server::acquire begin lid=18
lock_server::acquire end
lock_server::acquire begin lid=19
lock_server::acquire end
lock_server::release begin lid=18
lock_server::release end18
lock_server::release begin lid=19
lock_server::release end19
lock_server::release begin lid=2
lock_server::release end2
lock_server::acquire begin lid=19
lock_server::acquire end
lock_server::release begin lid=19
lock_server::release end19
lock_server::acquire begin lid=2
lock_server::acquire end
lock_server::acquire begin lid=20
lock_server::acquire end
lock_server::release begin lid=20
lock_server::release end20
lock_server::release begin lid=2
lock_server::release end2
lock_server::acquire begin lid=2
lock_server::acquire end
lock_server::acquire begin lid=20
lock_server::acquire end
lock_server::acquire begin lid=21
lock_server::acquire end
lock_server::release begin lid=20
lock_server::release end20
lock_server::release begin lid=21
lock_server::release end21
lock_server::release begin lid=2
lock_server::release end2
lock_server::acquire begin lid=21
lock_server::acquire end
lock_server::release begin lid=21
lock_server::release end21
lock_server::acquire begin lid=2
lock_server::acquire end
lock_server::acquire begin lid=22
lock_server::acquire end
lock_server::release begin lid=22
lock_server::release end22
lock_server::release begin lid=2
lock_server::release end2
lock_server::acquire begin lid=22
lock_server::acquire end
lock_server::release begin lid=22
lock_server::release end22
lock_server::acquire begin lid=2
lock_server::acquire end
lock_server::acquire begin lid=4
lock_server::acquire end
lock_server::release begin lid=4
lock_server::release end4
lock_server::release begin lid=2
lock_server::release end2
lock_server::acquire begin lid=2
lock_server::acquire end
lock_server::acquire begin lid=6
lock_server::acquire end
lock_server::release begin lid=6
lock_server::release end6
lock_server::release begin lid=2
lock_server::release end2
lock_server::acquire begin lid=2
lock_server::acquire end
lock_server::acquire begin lid=8
lock_server::acquire end
lock_server::release begin lid=8
lock_server::release end8
lock_server::release begin lid=2
lock_server::release end2
lock_server::acquire begin lid=2
lock_server::acquire end
lock_server::acquire begin lid=10
lock_server::acquire end
lock_server::release begin lid=10
lock_server::release end10
lock_server::release begin lid=2
lock_server::release end2
lock_server::acquire begin lid=2
lock_server::acquire end
lock_server::acquire begin lid=12
lock_server::acquire end
lock_server::release begin lid=12
lock_server::release end12
lock_server::release begin lid=2
lock_server::release end2
lock_server::acquire begin lid=2
lock_server::acquire end
lock_server::acquire begin lid=14
lock_server::acquire end
lock_server::release begin lid=14
lock_server::release end14
lock_server::release begin lid=2
lock_server::release end2
lock_server::acquire begin lid=2
lock_server::acquire end
lock_server::acquire begin lid=16
lock_server::acquire end
lock_server::release begin lid=16
lock_server::release end16
lock_server::release begin lid=2
lock_server::release end2
lock_server::acquire begin lid=2
lock_server::acquire end
lock_server::acquire begin lid=18
lock_server::acquire end
lock_server::release begin lid=18
lock_server::release end18
lock_server::release begin lid=2
lock_server::release end2
lock_server::acquire begin lid=2
lock_server::acquire end
lock_server::acquire begin lid=20
lock_server::acquire end
lock_server::release begin lid=20
lock_server::release end20
lock_server::release begin lid=2
lock_server::release end2
lock_server::acquire begin lid=2
lock_server::acquire end
lock_server::acquire begin lid=22
lock_server::acquire end
lock_server::release begin lid=22
lock_server::release end22
lock_server::release begin lid=2
lock_server::release end2
lock_server::acquire begin lid=2
lock_server::acquire end
lock_server::acquire begin lid=3
lock_server::acquire end
lock_server::release begin lid=3
lock_server::release end3
lock_server::release begin lid=2
lock_server::release end2
lock_server::acquire begin lid=2
lock_server::acquire end
lock_server::acquire begin lid=5
lock_server::acquire end
lock_server::release begin lid=5
lock_server::release end5
lock_server::release begin lid=2
lock_server::release end2
lock_server::acquire begin lid=2
lock_server::acquire end
lock_server::acquire begin lid=7
lock_server::acquire end
lock_server::release begin lid=7
lock_server::release end7
lock_server::release begin lid=2
lock_server::release end2
lock_server::acquire begin lid=2
lock_server::acquire end
lock_server::acquire begin lid=9
lock_server::acquire end
lock_server::release begin lid=9
lock_server::release end9
lock_server::release begin lid=2
lock_server::release end2
lock_server::acquire begin lid=2
lock_server::acquire end
lock_server::acquire begin lid=11
lock_server::acquire end
lock_server::release begin lid=11
lock_server::release end11
lock_server::release begin lid=2
lock_server::release end2
lock_server::acquire begin lid=2
lock_server::acquire end
lock_server::acquire begin lid=13
lock_server::acquire end
lock_server::release begin lid=13
lock_server::release end13
lock_server::release begin lid=2
lock_server::release end2
lock_server::acquire begin lid=2
lock_server::acquire end
lock_server::acquire begin lid=15
lock_server::acquire end
lock_server::release begin lid=15
lock_server::release end15
lock_server::release begin lid=2
lock_server::release end2
lock_server::acquire begin lid=2
lock_server::acquire end
lock_server::acquire begin lid=17
lock_server::acquire end
lock_server::release begin lid=17
lock_server::release end17
lock_server::release begin lid=2
lock_server::release end2
lock_server::acquire begin lid=2
lock_server::acquire end
lock_server::acquire begin lid=19
lock_server::acquire end
lock_server::release begin lid=19
lock_server::release end19
lock_server::release begin lid=2
lock_server::release end2
lock_server::acquire begin lid=2
lock_server::acquire end
lock_server::acquire begin lid=21
lock_server::acquire end
lock_server::release begin lid=21
lock_server::release end21
lock_server::release begin lid=2
lock_server::release end2
lock_server::acquire begin lid=2
lock_server::acquire end
lock_server::acquire begin lid=2
lock_server::acquire begin lid=3
lock_server::acquire end
lock_server::release begin lid=3
lock_server::release end3
lock_server::release begin lid=2
lock_server::release end2
lock_server::acquire end
lock_server::release begin lid=2
lock_server::release end2
lock_server::acquire begin lid=3
lock_server::acquire end
lock_server::release begin lid=3
lock_server::release end3
lock_server::acquire begin lid=2
lock_server::acquire end
lock_server::acquire begin lid=4
lock_server::acquire end
lock_server::release begin lid=4
lock_server::release end4
lock_server::acquire begin lid=2
lock_server::release begin lid=2
lock_server::release end2
lock_server::acquire end
lock_server::acquire begin lid=4
lock_server::acquire end
lock_server::release begin lid=2
lock_server::release end2
lock_server::release begin lid=4
lock_server::release end4
lock_server::acquire begin lid=2
lock_server::acquire end
lock_server::acquire begin lid=2
lock_server::acquire begin lid=5
lock_server::acquire end
lock_server::release begin lid=5
lock_server::release end5
lock_server::release begin lid=2
lock_server::release end2
lock_server::acquire end
lock_server::acquire begin lid=5
lock_server::acquire end
lock_server::release begin lid=5
lock_server::release end5
lock_server::release begin lid=2
lock_server::release end2
lock_server::acquire begin lid=2
lock_server::acquire end
lock_server::acquire begin lid=2
lock_server::acquire begin lid=6
lock_server::acquire end
lock_server::release begin lid=6
lock_server::release end6
lock_server::release begin lid=2
lock_server::release end2lock_server::acquire end

lock_server::release begin lid=2
lock_server::release end2
lock_server::acquire begin lid=6
lock_server::acquire end
lock_server::release begin lid=6
lock_server::release end6
lock_server::acquire begin lid=2
lock_server::acquire end
lock_server::acquire begin lid=7
lock_server::acquire end
lock_server::acquire begin lid=2
lock_server::release begin lid=7
lock_server::release end7
lock_server::release begin lid=2
lock_server::release end2
lock_server::acquire end
lock_server::acquire begin lid=7
lock_server::acquire end
lock_server::release begin lid=2
lock_server::release end2
lock_server::release begin lid=7
lock_server::release end7
lock_server::acquire begin lid=2
lock_server::acquire end
lock_server::acquire begin lid=2
lock_server::acquire begin lid=8
lock_server::acquire end
lock_server::release begin lid=8
lock_server::release end8
lock_server::release begin lid=2
lock_server::release end2
lock_server::acquire end
lock_server::acquire begin lid=8
lock_server::acquire end
lock_server::release begin lid=2
lock_server::release end2
lock_server::release begin lid=8
lock_server::release end8
lock_server::acquire begin lid=2
lock_server::acquire end
lock_server::acquire begin lid=2
lock_server::acquire begin lid=9
lock_server::acquire end
lock_server::release begin lid=9
lock_server::release end9
lock_server::release begin lid=2
lock_server::release end2
lock_server::acquire end
lock_server::release begin lid=lock_server::acquire begin lid=9
lock_server::acquire end
2
lock_server::release end2
lock_server::release begin lid=9
lock_server::release end9
lock_server::acquire begin lid=2
lock_server::acquire end
lock_server::acquire begin lid=2
lock_server::acquire begin lid=10
lock_server::acquire end
lock_server::release begin lid=10
lock_server::release end10
lock_server::release begin lid=2
lock_server::release end2
lock_server::acquire end
lock_server::acquire begin lid=10
lock_server::acquire end
lock_server::release begin lid=2
lock_server::release end2
lock_server::release begin lid=10
lock_server::release end10
lock_server::acquire begin lid=2
lock_server::acquire end
lock_server::acquire begin lid=2
lock_server::acquire begin lid=11
lock_server::acquire end
lock_server::release begin lid=11
lock_server::release end11
lock_server::release begin lid=2
lock_server::release endlock_server::acquire end
2
lock_server::acquire begin lid=11
lock_server::acquire end
lock_server::release begin lid=2
lock_server::release end2
lock_server::release begin lid=11
lock_server::release end11
lock_server::acquire begin lid=2
lock_server::acquire end
lock_server::acquire begin lid=2
lock_server::acquire begin lid=12
lock_server::acquire end
lock_server::release begin lid=12
lock_server::release end12
lock_server::release begin lid=2
lock_server::release end2
lock_server::acquire end
lock_server::acquire begin lid=12
lock_server::acquire end
lock_server::release begin lid=2
lock_server::release end2
lock_server::release begin lid=12
lock_server::release end12
lock_server::acquire begin lid=2
lock_server::acquire end
lock_server::acquire begin lid=3
lock_server::acquire end
lock_server::release begin lid=3
lock_server::release end3
lock_server::release begin lid=2
lock_server::release end2
lock_server::acquire begin lid=2
lock_server::acquire end
lock_server::acquire begin lid=4
lock_server::acquire end
lock_server::release begin lid=4
lock_server::release end4
lock_server::release begin lid=2
lock_server::release end2
lock_server::acquire begin lid=2
lock_server::acquire end
lock_server::acquire begin lid=5
lock_server::acquire end
lock_server::release begin lid=5
lock_server::release end5
lock_server::release begin lid=2
lock_server::release end2
lock_server::acquire begin lid=2
lock_server::acquire end
lock_server::acquire begin lid=6
lock_server::acquire end
lock_server::release begin lid=6
lock_server::release end6
lock_server::release begin lid=2
lock_server::release end2
lock_server::acquire begin lid=2
lock_server::acquire end
lock_server::acquire begin lid=7
lock_server::acquire end
lock_server::release begin lid=7
lock_server::release end7
lock_server::release begin lid=2
lock_server::release end2
lock_server::acquire begin lid=2
lock_server::acquire end
lock_server::acquire begin lid=8
lock_server::acquire end
lock_server::release begin lid=8
lock_server::release end8
lock_server::release begin lid=2
lock_server::release end2
lock_server::acquire begin lid=2
lock_server::acquire end
lock_server::acquire begin lid=9
lock_server::acquire end
lock_server::release begin lid=9
lock_server::release end9
lock_server::release begin lid=2
lock_server::release end2
lock_server::acquire begin lid=2
lock_server::acquire end
lock_server::acquire begin lid=10
lock_server::acquire end
lock_server::release begin lid=10
lock_server::release end10
lock_server::release begin lid=2
lock_server::release end2
lock_server::acquire begin lid=2
lock_server::acquire end
lock_server::acquire begin lid=11
lock_server::acquire end
lock_server::release begin lid=11
lock_server::release end11
lock_server::release begin lid=2
lock_server::release end2
lock_server::acquire begin lid=2
lock_server::acquire end
lock_server::acquire begin lid=12
lock_server::acquire end
lock_server::release begin lid=12
lock_server::release end12
lock_server::release begin lid=2
lock_server::release end2
lock_server::acquire begin lid=2
lock_server::acquire end
lock_server::acquire begin lid=3
lock_server::acquire end
lock_server::release begin lid=3
lock_server::release end3
lock_server::release begin lid=2
lock_server::release end2
lock_server::acquire begin lid=3
lock_server::acquire end
lock_server::release begin lid=3
lock_server::release end3
lock_server::acquire begin lid=2
lock_server::acquire end
lock_server::acquire begin lid=4
lock_server::acquire end
lock_server::release begin lid=4
lock_server::release end4
lock_server::release begin lid=2
lock_server::release end2
lock_server::acquire begin lid=4
lock_server::acquire end
lock_server::release begin lid=4
lock_server::release end4
lock_server::acquire begin lid=2
lock_server::acquire end
lock_server::acquire begin lid=5
lock_server::acquire end
lock_server::release begin lid=5
lock_server::release end5
lock_server::release begin lid=2
lock_server::release end2
lock_server::acquire begin lid=5
lock_server::acquire end
lock_server::release begin lid=5
lock_server::release end5
lock_server::acquire begin lid=2
lock_server::acquire end
lock_server::acquire begin lid=6
lock_server::acquire end
lock_server::release begin lid=6
lock_server::release end6
lock_server::release begin lid=2
lock_server::release end2
lock_server::acquire begin lid=6
lock_server::acquire end
lock_server::release begin lid=6
lock_server::release end6
lock_server::acquire begin lid=2
lock_server::acquire end
lock_server::acquire begin lid=7
lock_server::acquire end
lock_server::release begin lid=7
lock_server::release end7
lock_server::release begin lid=2
lock_server::release end2
lock_server::acquire begin lid=7
lock_server::acquire end
lock_server::release begin lid=7
lock_server::release end7
lock_server::acquire begin lid=2
lock_server::acquire end
lock_server::acquire begin lid=8
lock_server::acquire end
lock_server::release begin lid=8
lock_server::release end8
lock_server::release begin lid=2
lock_server::release end2
lock_server::acquire begin lid=8
lock_server::acquire end
lock_server::release begin lid=8
lock_server::release end8
lock_server::acquire begin lid=2
lock_server::acquire end
lock_server::acquire begin lid=9
lock_server::acquire end
lock_server::release begin lid=9
lock_server::release end9
lock_server::release begin lid=2
lock_server::release end2
lock_server::acquire begin lid=9
lock_server::acquire end
lock_server::release begin lid=9
lock_server::release end9
lock_server::acquire begin lid=2
lock_server::acquire end
lock_server::acquire begin lid=10
lock_server::acquire end
lock_server::release begin lid=10
lock_server::release end10
lock_server::release begin lid=2
lock_server::release end2
lock_server::acquire begin lid=10
lock_server::acquire end
lock_server::release begin lid=10
lock_server::release end10
lock_server::acquire begin lid=2
lock_server::acquire end
lock_server::acquire begin lid=11
lock_server::acquire end
lock_server::release begin lid=11
lock_server::release end11
lock_server::release begin lid=2
lock_server::release end2
lock_server::acquire begin lid=11
lock_server::acquire end
lock_server::release begin lid=11
lock_server::release end11
lock_server::acquire begin lid=2
lock_server::acquire end
lock_server::acquire begin lid=12
lock_server::acquire end
lock_server::release begin lid=12
lock_server::release end12
lock_server::release begin lid=2
lock_server::release end2
lock_server::acquire begin lid=12
lock_server::acquire end
lock_server::release begin lid=12
lock_server::release end12
lock_server::acquire begin lid=2
lock_server::acquire end
lock_server::acquire begin lid=13
lock_server::acquire end
lock_server::release begin lid=13
lock_server::release end13
lock_server::acquire begin lid=2
lock_server::release begin lid=2
lock_server::release end2
lock_server::acquire end
lock_server::acquire begin lid=3
lock_server::acquire end
lock_server::acquire begin lid=13
lock_server::acquire end
lock_server::release begin lid=3
lock_server::release end3
lock_server::release begin lid=13
lock_server::release end13
lock_server::release begin lid=2
lock_server::release end2
lock_server::acquire begin lid=2
lock_server::acquire end
lock_server::acquire begin lid=3
lock_server::acquire end
lock_server::acquire begin lid=2
lock_server::release begin lid=3
lock_server::release end3
lock_server::release begin lid=2
lock_server::release end2
lock_server::acquire end
lock_server::acquire begin lid=3
lock_server::acquire end
lock_server::acquire begin lid=4
lock_server::acquire end
lock_server::release begin lid=3
lock_server::release end3
lock_server::release begin lid=4
lock_server::release end4
lock_server::release begin lid=2
lock_server::release end2
lock_server::acquire begin lid=2
lock_server::acquire end
lock_server::acquire begin lid=4
lock_server::acquire end
lock_server::acquire begin lid=2
lock_server::release begin lid=4
lock_server::release end4
lock_server::release begin lid=2
lock_server::release end2lock_server::acquire end

lock_server::acquire begin lid=5
lock_server::acquire end
lock_server::acquire begin lid=4
lock_server::acquire end
lock_server::release begin lid=5
lock_server::release end5
lock_server::release begin lid=4
lock_server::release end4
lock_server::release begin lid=2
lock_server::release end2
lock_server::acquire begin lid=2
lock_server::acquire end
lock_server::acquire begin lid=5
lock_server::acquire end
lock_server::acquire begin lid=2
lock_server::release begin lid=5
lock_server::release end5
lock_server::release begin lid=2
lock_server::release end2
lock_server::acquire end
lock_server::acquire begin lid=6
lock_server::acquire end
lock_server::acquire begin lid=5
lock_server::acquire end
lock_server::release begin lid=6
lock_server::release end6
lock_server::release begin lid=5
lock_server::release end5
lock_server::release begin lid=2
lock_server::release end2
lock_server::acquire begin lid=2
lock_server::acquire end
lock_server::acquire begin lid=2
lock_server::acquire begin lid=6
lock_server::acquire end
lock_server::release begin lid=6
lock_server::release end6
lock_server::release begin lid=2
lock_server::release end2
lock_server::acquire end
lock_server::acquire begin lid=6
lock_server::acquire end
lock_server::acquire begin lid=7
lock_server::acquire end
lock_server::release begin lid=6
lock_server::release end6
lock_server::release begin lid=7
lock_server::release end7
lock_server::release begin lid=2
lock_server::release end2
lock_server::acquire begin lid=2
lock_server::acquire end
lock_server::acquire begin lid=7
lock_server::acquire end
lock_server::release begin lid=7
lock_server::release end7
lock_server::release begin lid=2
lock_server::release end2
lock_server::acquire begin lid=7
lock_server::acquire end
lock_server::release begin lid=7
lock_server::release end7
lock_server::acquire begin lid=2
lock_server::acquire end
lock_server::acquire begin lid=14
lock_server::acquire end
lock_server::release begin lid=14
lock_server::release end14
lock_server::release begin lid=2
lock_server::release end2
lock_server::acquire begin lid=14
lock_server::acquire end
lock_server::release begin lid=14
lock_server::release end14
lock_server::acquire begin lid=2
lock_server::acquire end
lock_server::acquire begin lid=15
lock_server::acquire end
lock_server::release begin lid=15
lock_server::release end15
lock_server::release begin lid=2
lock_server::release end2
lock_server::acquire begin lid=15
lock_server::acquire end
lock_server::release begin lid=15
lock_server::release end15
lock_server::acquire begin lid=2
lock_server::acquire end
lock_server::acquire begin lid=16
lock_server::acquire end
lock_server::release begin lid=16
lock_server::release end16
lock_server::release begin lid=2
lock_server::release end2
lock_server::acquire begin lid=16
lock_server::acquire end
lock_server::release begin lid=16
lock_server::release end16
lock_server::acquire begin lid=2
lock_server::acquire end
lock_server::acquire begin lid=17
lock_server::acquire end
lock_server::release begin lid=17
lock_server::release end17
lock_server::release begin lid=2
lock_server::release end2
lock_server::acquire begin lid=17
lock_server::acquire end
lock_server::release begin lid=17
lock_server::release end17
lock_server::acquire begin lid=2
lock_server::acquire end
lock_server::acquire begin lid=8
lock_server::acquire end
lock_server::release begin lid=8
lock_server::release end8
lock_server::release begin lid=2
lock_server::release end2
lock_server::acquire begin lid=2
lock_server::acquire end
lock_server::acquire begin lid=9
lock_server::acquire end
lock_server::release begin lid=9
lock_server::release end9
lock_server::release begin lid=2
lock_server::release end2
lock_server::acquire begin lid=2
lock_server::acquire end
lock_server::acquire begin lid=10
lock_server::acquire end
lock_server::release begin lid=10
lock_server::release end10
lock_server::release begin lid=2
lock_server::release end2
lock_server::acquire begin lid=2
lock_server::acquire end
lock_server::acquire begin lid=11
lock_server::acquire end
lock_server::release begin lid=11
lock_server::release end11
lock_server::release begin lid=2
lock_server::release end2
lock_server::acquire begin lid=2
lock_server::acquire end
lock_server::acquire begin lid=12
lock_server::acquire end
lock_server::release begin lid=12
lock_server::release end12
lock_server::release begin lid=2
lock_server::release end2
lock_server::acquire begin lid=2
lock_server::acquire end
lock_server::acquire begin lid=13
lock_server::acquire end
lock_server::release begin lid=13
lock_server::release end13
lock_server::release begin lid=2
lock_server::release end2
lock_server::acquire begin lid=2
lock_server::acquire end
lock_server::acquire begin lid=3
lock_server::acquire end
lock_server::release begin lid=3
lock_server::release end3
lock_server::release begin lid=2
lock_server::release end2
lock_server::acquire begin lid=2
lock_server::acquire end
lock_server::acquire begin lid=4
lock_server::acquire end
lock_server::release begin lid=4
lock_server::release end4
lock_server::release begin lid=2
lock_server::release end2
lock_server::acquire begin lid=2
lock_server::acquire end
lock_server::acquire begin lid=5
lock_server::acquire end
lock_server::release begin lid=5
lock_server::release end5
lock_server::release begin lid=2
lock_server::release end2
lock_server::acquire begin lid=2
lock_server::acquire end
lock_server::acquire begin lid=6
lock_server::acquire end
lock_server::release begin lid=6
lock_server::release end6
lock_server::release begin lid=2
lock_server::release end2
lock_server::acquire begin lid=2
lock_server::acquire end
lock_server::acquire begin lid=7
lock_server::acquire end
lock_server::release begin lid=7
lock_server::release end7
lock_server::release begin lid=2
lock_server::release end2
lock_server::acquire begin lid=2
lock_server::acquire end
lock_server::acquire begin lid=14
lock_server::acquire end
lock_server::release begin lid=14
lock_server::release end14
lock_server::release begin lid=2
lock_server::release end2
lock_server::acquire begin lid=2
lock_server::acquire end
lock_server::acquire begin lid=15
lock_server::acquire end
lock_server::release begin lid=15
lock_server::release end15
lock_server::release begin lid=2
lock_server::release end2
lock_server::acquire begin lid=2
lock_server::acquire end
lock_server::acquire begin lid=16
lock_server::acquire end
lock_server::release begin lid=16
lock_server::release end16
lock_server::release begin lid=2
lock_server::release end2
lock_server::acquire begin lid=2
lock_server::acquire end
lock_server::acquire begin lid=17
lock_server::acquire end
lock_server::release begin lid=17
lock_server::release end17
lock_server::release begin lid=2
lock_server::release end2
lock_server::acquire begin lid=2
lock_server::acquire end
lock_server::acquire begin lid=3
lock_server::acquire end
lock_server::release begin lid=3
lock_server::release end3
lock_server::release begin lid=2
lock_server::release end2
lock_server::acquire begin lid=3
lock_server::acquire end
lock_server::release begin lid=3
lock_server::release end3
lock_server::acquire begin lid=3
lock_server::acquire end
lock_server::release begin lid=3
lock_server::release end3
lock_server::acquire begin lid=2
lock_server::acquire end
lock_server::acquire begin lid=4
lock_server::acquire end
lock_server::release begin lid=4
lock_server::release end4
lock_server::release begin lid=2
lock_server::release end2
lock_server::acquire begin lid=3
lock_server::acquire end
lock_server::release begin lid=3
lock_server::release end3
lock_server::acquire begin lid=4
lock_server::acquire end
lock_server::release begin lid=4
lock_server::release end4
lock_server::acquire begin lid=4
lock_server::acquire end
lock_server::release begin lid=4
lock_server::release end4
lock_server::acquire begin lid=2
lock_server::acquire end
lock_server::acquire begin lid=5
lock_server::acquire end
lock_server::release begin lid=5
lock_server::release end5
lock_server::release begin lid=2
lock_server::release end2
lock_server::acquire begin lid=4
lock_server::acquire end
lock_server::release begin lid=4
lock_server::release end4
lock_server::acquire begin lid=5
lock_server::acquire end
lock_server::release begin lid=5
lock_server::release end5
lock_server::acquire begin lid=5
lock_server::acquire end
lock_server::release begin lid=5
lock_server::release end5
lock_server::acquire begin lid=2
lock_server::acquire end
lock_server::acquire begin lid=6
lock_server::acquire end
lock_server::release begin lid=6
lock_server::release end6
lock_server::release begin lid=2
lock_server::release end2
lock_server::acquire begin lid=5
lock_server::acquire end
lock_server::release begin lid=5
lock_server::release end5
lock_server::acquire begin lid=6
lock_server::acquire end
lock_server::release begin lid=6
lock_server::release end6
lock_server::acquire begin lid=6
lock_server::acquire end
lock_server::release begin lid=6
lock_server::release end6
lock_server::acquire begin lid=2
lock_server::acquire end
lock_server::acquire begin lid=7
lock_server::acquire end
lock_server::release begin lid=7
lock_server::release end7
lock_server::release begin lid=2
lock_server::release end2
lock_server::acquire begin lid=6
lock_server::acquire end
lock_server::release begin lid=6
lock_server::release end6
lock_server::acquire begin lid=7
lock_server::acquire end
lock_server::release begin lid=7
lock_server::release end7
lock_server::acquire begin lid=7
lock_server::acquire end
lock_server::release begin lid=7
lock_server::release end7
lock_server::acquire begin lid=2
lock_server::acquire end
lock_server::acquire begin lid=8
lock_server::acquire end
lock_server::release begin lid=8
lock_server::release end8
lock_server::release begin lid=2
lock_server::release end2
lock_server::acquire begin lid=7
lock_server::acquire end
lock_server::release begin lid=7
lock_server::release end7
lock_server::acquire begin lid=8
lock_server::acquire end
lock_server::release begin lid=8
lock_server::release end8
lock_server::acquire begin lid=8
lock_server::acquire end
lock_server::release begin lid=8
lock_server::release end8
lock_server::acquire begin lid=2
lock_server::acquire end
lock_server::acquire begin lid=9
lock_server::acquire end
lock_server::release begin lid=9
lock_server::release end9
lock_server::release begin lid=2
lock_server::release end2
lock_server::acquire begin lid=8
lock_server::acquire end
lock_server::release begin lid=8
lock_server::release end8
lock_server::acquire begin lid=9
lock_server::acquire end
lock_server::release begin lid=9
lock_server::release end9
lock_server::acquire begin lid=9
lock_server::acquire end
lock_server::release begin lid=9
lock_server::release end9
lock_server::acquire begin lid=2
lock_server::acquire end
lock_server::acquire begin lid=10
lock_server::acquire end
lock_server::release begin lid=10
lock_server::release end10
lock_server::release begin lid=2
lock_server::release end2
lock_server::acquire begin lid=9
lock_server::acquire end
lock_server::release begin lid=9
lock_server::release end9
lock_server::acquire begin lid=10
lock_server::acquire end
lock_server::release begin lid=10
lock_server::release end10
lock_server::acquire begin lid=10
lock_server::acquire end
lock_server::release begin lid=10
lock_server::release end10
lock_server::acquire begin lid=2
lock_server::acquire end
lock_server::acquire begin lid=11
lock_server::acquire end
lock_server::release begin lid=11
lock_server::release end11
lock_server::release begin lid=2
lock_server::release end2
lock_server::acquire begin lid=10
lock_server::acquire end
lock_server::release begin lid=10
lock_server::release end10
lock_server::acquire begin lid=11
lock_server::acquire end
lock_server::release begin lid=11
lock_server::release end11
lock_server::acquire begin lid=11
lock_server::acquire end
lock_server::release begin lid=11
lock_server::release end11
lock_server::acquire begin lid=2
lock_server::acquire end
lock_server::acquire begin lid=12
lock_server::acquire end
lock_server::release begin lid=12
lock_server::release end12
lock_server::release begin lid=2
lock_server::release end2
lock_server::acquire begin lid=11
lock_server::acquire end
lock_server::release begin lid=11
lock_server::release end11
lock_server::acquire begin lid=12
lock_server::acquire end
lock_server::release begin lid=12
lock_server::release end12
lock_server::acquire begin lid=12
lock_server::acquire end
lock_server::release begin lid=12
lock_server::release end12
lock_server::acquire begin lid=12
lock_server::acquire end
lock_server::release begin lid=12
lock_server::release end12
lock_server::acquire begin lid=2
lock_server::acquire end
lock_server::acquire begin lid=3
lock_server::acquire end
lock_server::release begin lid=3
lock_server::release end3
lock_server::release begin lid=2
lock_server::release end2
lock_server::acquire begin lid=2
lock_server::acquire end
lock_server::acquire begin lid=4
lock_server::acquire end
lock_server::release begin lid=4
lock_server::release end4
lock_server::release begin lid=2
lock_server::release end2
lock_server::acquire begin lid=2
lock_server::acquire end
lock_server::acquire begin lid=5
lock_server::acquire end
lock_server::release begin lid=5
lock_server::release end5
lock_server::release begin lid=2
lock_server::release end2
lock_server::acquire begin lid=2
lock_server::acquire end
lock_server::acquire begin lid=6
lock_server::acquire end
lock_server::release begin lid=6
lock_server::release end6
lock_server::release begin lid=2
lock_server::release end2
lock_server::acquire begin lid=2
lock_server::acquire end
lock_server::acquire begin lid=7
lock_server::acquire end
lock_server::release begin lid=7
lock_server::release end7
lock_server::release begin lid=2
lock_server::release end2
lock_server::acquire begin lid=2
lock_server::acquire end
lock_server::acquire begin lid=8
lock_server::acquire end
lock_server::release begin lid=8
lock_server::release end8
lock_server::release begin lid=2
lock_server::release end2
lock_server::acquire begin lid=2
lock_server::acquire end
lock_server::acquire begin lid=9
lock_server::acquire end
lock_server::release begin lid=9
lock_server::release end9
lock_server::release begin lid=2
lock_server::release end2
lock_server::acquire begin lid=2
lock_server::acquire end
lock_server::acquire begin lid=10
lock_server::acquire end
lock_server::release begin lid=10
lock_server::release end10
lock_server::release begin lid=2
lock_server::release end2
lock_server::acquire begin lid=2
lock_server::acquire end
lock_server::acquire begin lid=11
lock_server::acquire end
lock_server::release begin lid=11
lock_server::release end11
lock_server::release begin lid=2
lock_server::release end2
lock_server::acquire begin lid=2
lock_server::acquire end
lock_server::acquire begin lid=12
lock_server::acquire end
lock_server::release begin lid=12
lock_server::release end12
lock_server::release begin lid=2
lock_server::release end2
lock_server::acquire begin lid=2
lock_server::acquire end
lock_server::acquire begin lid=3
lock_server::acquire end
lock_server::release begin lid=3
lock_server::release end3
lock_server::release begin lid=2
lock_server::release end2
lock_server::acquire begin lid=3
lock_server::acquire end
lock_server::release begin lid=3
lock_server::release end3
lock_server::acquire begin lid=3
lock_server::acquire end
lock_server::release begin lid=3
lock_server::release end3
lock_server::acquire begin lid=3
lock_server::acquire end
lock_server::release begin lid=3
lock_server::release end3
lock_server::acquire begin lid=3
lock_server::acquire end
lock_server::release begin lid=3
lock_server::release end3
lock_server::acquire begin lid=3
lock_server::acquire end
lock_server::release begin lid=3
lock_server::release end3
lock_server::acquire begin lid=3
lock_server::acquire end
lock_server::release begin lid=3
lock_server::release end3
lock_server::acquire begin lid=3
lock_server::acquire end
lock_server::release begin lid=3
lock_server::release end3
lock_server::acquire begin lid=3
lock_server::acquire end
lock_server::release begin lid=3
lock_server::release end3
lock_server::acquire begin lid=3
lock_server::acquire end
lock_server::release begin lid=3
lock_server::release end3
lock_server::acquire begin lid=3
lock_server::acquire end
lock_server::release begin lid=3
lock_server::release end3
lock_server::acquire begin lid=3
lock_server::acquire end
lock_server::release begin lid=3
lock_server::release end3
lock_server::acquire begin lid=3
lock_server::acquire end
lock_server::release begin lid=3
lock_server::release end3
lock_server::acquire begin lid=3
lock_server::acquire end
lock_server::release begin lid=3
lock_server::release end3
lock_server::acquire begin lid=3
lock_server::acquire end
lock_server::release begin lid=3
lock_server::release end3
lock_server::acquire begin lid=3
lock_server::acquire end
lock_server::release begin lid=3
lock_server::release end3
lock_server::acquire begin lid=3
lock_server::acquire end
lock_server::release begin lid=3
lock_server::release end3
lock_server::acquire begin lid=3
lock_server::acquire end
lock_server::acquire begin lid=3
lock_server::release begin lid=3
lock_server::release end3
lock_server::acquire end
lock_server::acquire begin lid=3
lock_server::release begin lid=3
lock_server::release end3
lock_server::acquire end
lock_server::acquire begin lid=3
lock_server::release begin lid=3
lock_server::release end3
lock_server::acquire end
lock_server::acquire begin lid=3
lock_server::release begin lid=3
lock_server::release endlock_server::acquire end
3
lock_server::acquire begin lid=3
lock_server::release begin lid=3
lock_server::release endlock_server::acquire end
3
lock_server::acquire begin lid=3
lock_server::release begin lid=3
lock_server::release end3
lock_server::acquire end
lock_server::acquire begin lid=3
lock_server::release begin lid=3
lock_server::release end3
lock_server::acquire end
lock_server::acquire begin lid=3
lock_server::release begin lid=3
lock_server::release endlock_server::acquire end
3
lock_server::acquire begin lid=3
lock_server::release begin lid=3
lock_server::release end3
lock_server::acquire end
lock_server::acquire begin lid=3
lock_server::release begin lid=3
lock_server::release endlock_server::acquire end
3
lock_server::acquire begin lid=3
lock_server::release begin lid=3
lock_server::release end3
lock_server::acquire end
lock_server::acquire begin lid=3
lock_server::release begin lid=3
lock_server::release endlock_server::acquire end
3
lock_server::acquire begin lid=3
lock_server::release begin lid=3
lock_server::release endlock_server::acquire end
3
lock_server::acquire begin lid=3
lock_server::release begin lid=3
lock_server::release end3
lock_server::acquire end
lock_server::acquire begin lid=3
lock_server::release begin lid=3
lock_server::release endlock_server::acquire end
3
lock_server::acquire begin lid=3
lock_server::release begin lid=3
lock_server::release end3
lock_server::acquire end
lock_server::acquire begin lid=3
lock_server::release begin lid=3
lock_server::release end3
lock_server::acquire end
lock_server::acquire begin lid=3
lock_server::release begin lid=3
lock_server::release end3
lock_server::acquire end
lock_server::acquire begin lid=3
lock_server::release begin lid=3
lock_server::release end3lock_server::acquire end

lock_server::acquire begin lid=3
lock_server::release begin lid=3
lock_server::release end3
lock_server::acquire end
lock_server::acquire begin lid=3
lock_server::release begin lid=3
lock_server::release endlock_server::acquire end
3
lock_server::acquire begin lid=3
lock_server::release begin lid=3
lock_server::release end3
lock_server::acquire end
lock_server::acquire begin lid=3
lock_server::release begin lid=3
lock_server::release endlock_server::acquire end
3
lock_server::acquire begin lid=3
lock_server::release begin lid=3
lock_server::release endlock_server::acquire end
3
lock_server::acquire begin lid=3
lock_server::release begin lid=3
lock_server::release end3
lock_server::acquire begin lid=3
lock_server::acquire end
lock_server::release begin lid=3
lock_server::release endlock_server::acquire end
3
lock_server::acquire begin lid=3
lock_server::release begin lid=3
lock_server::release end3
lock_server::acquire end
lock_server::acquire begin lid=3
lock_server::release begin lid=3
lock_server::release end3
lock_server::acquire begin lid=3
lock_server::acquire end
lock_server::release begin lid=3
lock_server::release endlock_server::acquire end
3
lock_server::acquire begin lid=3
lock_server::release begin lid=3
lock_server::release endlock_server::acquire end
3
lock_server::acquire begin lid=3
lock_server::release begin lid=3
lock_server::release end3
lock_server::acquire begin lid=3
lock_server::acquire end
lock_server::release begin lid=3
lock_server::release endlock_server::acquire end
3
lock_server::acquire begin lid=3
lock_server::release begin lid=3
lock_server::release end3
lock_server::acquire end
lock_server::acquire begin lid=3
lock_server::release begin lid=3
lock_server::release end3
lock_server::acquire begin lid=3
lock_server::acquire end
lock_server::release begin lid=3
lock_server::release end3
lock_server::acquire end
lock_server::acquire begin lid=3
lock_server::release begin lid=3
lock_server::release end3
lock_server::acquire end
lock_server::acquire begin lid=3
lock_server::release begin lid=3
lock_server::release endlock_server::acquire end
3
lock_server::acquire begin lid=3
lock_server::release begin lid=3
lock_server::release endlock_server::acquire end
3
lock_server::acquire begin lid=3
lock_server::release begin lid=3
lock_server::release end3
lock_server::acquire end
lock_server::acquire begin lid=3
lock_server::release begin lid=3
lock_server::release end3
lock_server::acquire end
lock_server::acquire begin lid=3
lock_server::release begin lid=3
lock_server::release endlock_server::acquire end
3
lock_server::acquire begin lid=3
lock_server::release begin lid=3
lock_server::release end3
lock_server::acquire end
lock_server::acquire begin lid=3
lock_server::release begin lid=3
lock_server::release end3
lock_server::acquire end
lock_server::acquire begin lid=3
lock_server::release begin lid=3
lock_server::release end3
lock_server::acquire end
lock_server::acquire begin lid=3
lock_server::release begin lid=3
lock_server::release end3
lock_server::acquire end
lock_server::acquire begin lid=3
lock_server::release begin lid=3
lock_server::release end3
lock_server::acquire end
lock_server::acquire begin lid=3
lock_server::release begin lid=3
lock_server::release endlock_server::acquire end
3
lock_server::acquire begin lid=3
lock_server::release begin lid=3
lock_server::release end3
lock_server::acquire end
lock_server::acquire begin lid=3
lock_server::release begin lid=3
lock_server::release end3
lock_server::acquire end
lock_server::acquire begin lid=3
lock_server::release begin lid=3
lock_server::release end3
lock_server::acquire end
lock_server::acquire begin lid=3
lock_server::release begin lid=3
lock_server::release end3
lock_server::acquire end
lock_server::acquire begin lid=3
lock_server::release begin lid=3
lock_server::release end3
lock_server::acquire end
lock_server::acquire begin lid=3
lock_server::release begin lid=3
lock_server::release endlock_server::acquire end
3
lock_server::acquire begin lid=3
lock_server::release begin lid=3
lock_server::release end3
lock_server::acquire end
lock_server::acquire begin lid=3
lock_server::release begin lid=3
lock_server::release endlock_server::acquire end
3
lock_server::acquire begin lid=3
lock_server::release begin lid=3
lock_server::release end3
lock_server::acquire end
lock_server::acquire begin lid=3
lock_server::release begin lid=3
lock_server::release endlock_server::acquire end
3
lock_server::acquire begin lid=3
lock_server::release begin lid=3
lock_server::release end3
lock_server::acquire end
lock_server::acquire begin lid=3
lock_server::release begin lid=3
lock_server::release endlock_server::acquire end
3
lock_server::acquire begin lid=3
lock_server::release begin lid=3
lock_server::release end3
lock_server::acquire end
lock_server::acquire begin lid=3
lock_server::release begin lid=3
lock_server::release end3
lock_server::acquire end
lock_server::acquire begin lid=3
lock_server::release begin lid=3
lock_server::release end3
lock_server::acquire end
lock_server::acquire begin lid=3
lock_server::release begin lid=3
lock_server::release endlock_server::acquire end
3
lock_server::acquire begin lid=3
lock_server::release begin lid=3
lock_server::release end3
lock_server::acquire end
lock_server::acquire begin lid=3
lock_server::release begin lid=3
lock_server::release end3
lock_server::acquire end
lock_server::acquire begin lid=3
lock_server::release begin lid=3
lock_server::release end3
lock_server::acquire end
lock_server::acquire begin lid=3
lock_server::release begin lid=3
lock_server::release endlock_server::acquire end
3
lock_server::acquire begin lid=3
lock_server::release begin lid=3
lock_server::release endlock_server::acquire end
3
lock_server::acquire begin lid=3
lock_server::release begin lid=3
lock_server::release endlock_server::acquire end
3
lock_server::acquire begin lid=3
lock_server::release begin lid=3
lock_server::release end3
lock_server::acquire end
lock_server::acquire begin lid=3
lock_server::release begin lid=3
lock_server::release endlock_server::acquire end
3
lock_server::acquire begin lid=3
lock_server::release begin lid=3
lock_server::release end3
lock_server::acquire end
lock_server::acquire begin lid=3
lock_server::release begin lid=3
lock_server::release end3
lock_server::acquire begin lid=3
lock_server::acquire end
lock_server::release begin lid=3
lock_server::release endlock_server::acquire end
3
lock_server::acquire begin lid=3
lock_server::release begin lid=3
lock_server::release end3
lock_server::acquire end
lock_server::acquire begin lid=3
lock_server::release begin lid=3
lock_server::release end3
lock_server::acquire end
lock_server::acquire begin lid=3
lock_server::release begin lid=3
lock_server::release endlock_server::acquire end
3
lock_server::acquire begin lid=3
lock_server::release begin lid=3
lock_server::release end3
lock_server::acquire begin lid=3
lock_server::acquire end
lock_server::release begin lid=3
lock_server::release endlock_server::acquire end
3
lock_server::acquire begin lid=3
lock_server::release begin lid=3
lock_server::release end3
lock_server::acquire end
lock_server::acquire begin lid=3
lock_server::release begin lid=3
lock_server::release end3
lock_server::acquire end
lock_server::acquire begin lid=3
lock_server::release begin lid=3
lock_server::release end3
lock_server::acquire end
lock_server::acquire begin lid=3
lock_server::release begin lid=3
lock_server::release endlock_server::acquire end
3
lock_server::acquire begin lid=3
lock_server::release begin lid=3
lock_server::release endlock_server::acquire end
3
lock_server::acquire begin lid=3
lock_server::release begin lid=3
lock_server::release end3
lock_server::acquire end
lock_server::acquire begin lid=3
lock_server::release begin lid=3
lock_server::release end3
lock_server::acquire end
lock_server::acquire begin lid=3
lock_server::release begin lid=3
lock_server::release endlock_server::acquire end
3
lock_server::release begin lid=3
lock_server::release end3
lock_server::acquire begin lid=3
lock_server::acquire end
lock_server::acquire begin lid=3
lock_server::release begin lid=3
lock_server::release end3
lock_server::acquire end
lock_server::acquire begin lid=3
lock_server::release begin lid=3
lock_server::release end3
lock_server::acquire end
lock_server::acquire begin lid=3
lock_server::release begin lid=3
lock_server::release endlock_server::acquire end
3
lock_server::acquire begin lid=3
lock_server::release begin lid=3
lock_server::release end3
lock_server::acquire end
lock_server::acquire begin lid=3
lock_server::release begin lid=3
lock_server::release endlock_server::acquire end
3
lock_server::release begin lid=3
lock_server::release end3
lock_server::acquire begin lid=3
lock_server::acquire end
lock_server::acquire begin lid=3
lock_server::release begin lid=3
lock_server::release end3lock_server::acquire end

lock_server::acquire begin lid=3
lock_server::release begin lid=3
lock_server::release end3
lock_server::acquire end
lock_server::acquire begin lid=3
lock_server::release begin lid=3
lock_server::release endlock_server::acquire end
3
lock_server::release begin lid=3
lock_server::release end3
lock_server::acquire begin lid=3
lock_server::acquire end
lock_server::acquire begin lid=3
lock_server::release begin lid=3
lock_server::release end3lock_server::acquire end

lock_server::acquire begin lid=3lock_server::release begin lid=3
lock_server::release end3

lock_server::acquire end
lock_server::acquire begin lid=3
lock_server::release begin lid=3
lock_server::release end3
lock_server::acquire end
lock_server::acquire begin lid=3
lock_server::release begin lid=3
lock_server::release end3
lock_server::acquire end
lock_server::acquire begin lid=3
lock_server::release begin lid=3
lock_server::release end3
lock_server::acquire end
lock_server::acquire begin lid=3
lock_server::release begin lid=3
lock_server::release end3
lock_server::acquire end
lock_server::acquire begin lid=3
lock_server::release begin lid=3
lock_server::release endlock_server::acquire end
3
lock_server::acquire begin lid=3
lock_server::release begin lid=3
lock_server::release end3
lock_server::acquire end
lock_server::acquire begin lid=3
lock_server::release begin lid=3
lock_server::release end3lock_server::acquire end

lock_server::acquire begin lid=3
lock_server::release begin lid=3
lock_server::release end3
lock_server::acquire end
lock_server::acquire begin lid=3
lock_server::release begin lid=3
lock_server::release endlock_server::acquire end
3
lock_server::acquire begin lid=3
lock_server::release begin lid=3
lock_server::release end3
lock_server::acquire end
lock_server::acquire begin lid=3
lock_server::release begin lid=3
lock_server::release endlock_server::acquire end
3
lock_server::acquire begin lid=3
lock_server::release begin lid=3
lock_server::release end3
lock_server::acquire end
lock_server::acquire begin lid=3
lock_server::release begin lid=3
lock_server::release end3
lock_server::acquire end
lock_server::acquire begin lid=3
lock_server::release begin lid=3
lock_server::release end3
lock_server::acquire end
lock_server::acquire begin lid=3
lock_server::release begin lid=3
lock_server::release endlock_server::acquire end
3
lock_server::acquire begin lid=3
lock_server::release begin lid=3
lock_server::release end3
lock_server::acquire end
lock_server::acquire begin lid=3
lock_server::release begin lid=3
lock_server::release end3
lock_server::acquire end
lock_server::acquire begin lid=3
lock_server::release begin lid=3
lock_server::release endlock_server::acquire end
3
lock_server::acquire begin lid=3
lock_server::release begin lid=3
lock_server::release end3
lock_server::acquire end
lock_server::acquire begin lid=3
lock_server::release begin lid=3
lock_server::release end3
lock_server::acquire end
lock_server::acquire begin lid=3
lock_server::release begin lid=3
lock_server::release endlock_server::acquire end
3
lock_server::release begin lid=3
lock_server::release end3
lock_server::acquire begin lid=3
lock_server::acquire end
lock_server::release begin lid=3
lock_server::release end3
lock_server::acquire begin lid=3
lock_server::acquire end
lock_server::release begin lid=3
lock_server::release end3
lock_server::acquire begin lid=3
lock_server::acquire end
lock_server::release begin lid=3
lock_server::release end3
lock_server::acquire begin lid=3
lock_server::acquire end
lock_server::release begin lid=3
lock_server::release end3
lock_server::acquire begin lid=3
lock_server::acquire end
lock_server::release begin lid=3
lock_server::release end3
lock_server::acquire begin lid=3
lock_server::acquire end
lock_server::release begin lid=3
lock_server::release end3
lock_server::acquire begin lid=1
lock_server::acquire end
lock_server::release begin lid=1
lock_server::release end1
lock_server::acquire begin lid=1
lock_server::acquire end
lock_server::release begin lid=1
lock_server::release end1
lock_server::acquire begin lid=4
lock_server::acquire end
lock_server::acquire begin lid=5
lock_server::acquire end
lock_server::acquire begin lid=6
lock_server::acquire end
lock_server::acquire begin lid=7
lock_server::acquire end
lock_server::release begin lid=6
lock_server::release end6
lock_server::release begin lid=5
lock_server::release end5
lock_server::release begin lid=7
lock_server::release end7
lock_server::release begin lid=4
lock_server::release end4
lock_server::acquire begin lid=6
lock_server::acquire end
lock_server::acquire begin lid=7
lock_server::acquire end
lock_server::release begin lid=6
lock_server::release end6
lock_server::release begin lid=7
lock_server::release end7
lock_server::acquire begin lid=5
lock_server::acquire end
lock_server::acquire begin lid=4
lock_server::acquire end
lock_server::acquire begin lid=8
lock_server::acquire end
lock_server::release begin lid=8
lock_server::release end8
lock_server::release begin lid=5
lock_server::release end5
lock_server::acquire begin lid=9
lock_server::acquire end
lock_server::acquire begin lid=8
lock_server::acquire end
lock_server::release begin lid=8
lock_server::release end8
lock_server::release begin lid=9
lock_server::release end9
lock_server::release begin lid=4
lock_server::release end4
lock_server::acquire begin lid=9
lock_server::acquire end
lock_server::release begin lid=9
lock_server::release end9
lock_server::acquire begin lid=5
lock_server::acquire end
lock_server::acquire begin lid=10
lock_server::acquire end
lock_server::acquire begin lid=4
lock_server::acquire end
lock_server::release begin lid=10
lock_server::release end10
lock_server::release begin lid=5
lock_server::release end5
lock_server::acquire begin lid=11
lock_server::acquire end
lock_server::acquire begin lid=10
lock_server::acquire end
lock_server::release begin lid=11
lock_server::release end11
lock_server::release begin lid=4
lock_server::release end4
lock_server::release begin lid=10
lock_server::release end10
lock_server::acquire begin lid=11
lock_server::acquire end
lock_server::release begin lid=11
lock_server::release end11
lock_server::acquire begin lid=5
lock_server::acquire end
lock_server::acquire begin lid=4
lock_server::acquire end
lock_server::acquire begin lid=12
lock_server::acquire end
lock_server::acquire begin lid=13
lock_server::acquire end
lock_server::release begin lid=12
lock_server::release end12
lock_server::release begin lid=4
lock_server::release end4
lock_server::release begin lid=13
lock_server::release end13
lock_server::release begin lid=5
lock_server::release end5
lock_server::acquire begin lid=12
lock_server::acquire end
lock_server::acquire begin lid=13
lock_server::acquire end
lock_server::release begin lid=12
lock_server::release end12
lock_server::release begin lid=13
lock_server::release end13
lock_server::acquire begin lid=4
lock_server::acquire end
lock_server::acquire begin lid=5
lock_server::acquire end
lock_server::acquire begin lid=14
lock_server::acquire end
lock_server::acquire begin lid=15
lock_server::acquire end
lock_server::release begin lid=14
lock_server::release end14
lock_server::release begin lid=4
lock_server::release end4
lock_server::release begin lid=15
lock_server::release end15
lock_server::release begin lid=5
lock_server::release end5
lock_server::acquire begin lid=14
lock_server::acquire end
lock_server::release begin lid=14
lock_server::release end14
lock_server::acquire begin lid=15
lock_server::acquire end
lock_server::release begin lid=15
lock_server::release end15
lock_server::acquire begin lid=4
lock_server::acquire end
lock_server::acquire begin lid=16
lock_server::acquire end
lock_server::acquire begin lid=5
lock_server::acquire end
lock_server::release begin lid=16
lock_server::release end16
lock_server::release begin lid=4
lock_server::release end4
lock_server::acquire begin lid=17
lock_server::acquire end
lock_server::acquire begin lid=16
lock_server::acquire end
lock_server::release begin lid=17
lock_server::release end17
lock_server::release begin lid=16
lock_server::release end16
lock_server::release begin lid=5
lock_server::release end5
lock_server::acquire begin lid=17
lock_server::acquire end
lock_server::release begin lid=17
lock_server::release end17
lock_server::acquire begin lid=4
lock_server::acquire end
lock_server::acquire begin lid=18
lock_server::acquire end
lock_server::release begin lid=18
lock_server::release end18
lock_server::release begin lid=4
lock_server::release end4
lock_server::acquire begin lid=5
lock_server::acquire end
lock_server::acquire begin lid=18
lock_server::acquire end
lock_server::release begin lid=18
lock_server::release end18
lock_server::acquire begin lid=19
lock_server::acquire end
lock_server::release begin lid=19
lock_server::release end19
lock_server::release begin lid=5
lock_server::release end5
lock_server::acquire begin lid=19
lock_server::acquire end
lock_server::acquire begin lid=4
lock_server::acquire end
lock_server::release begin lid=19
lock_server::release end19
lock_server::acquire begin lid=20
lock_server::acquire end
lock_server::release begin lid=20
lock_server::release end20
lock_server::release begin lid=4
lock_server::release end4
lock_server::acquire begin lid=20
lock_server::acquire end
lock_server::acquire begin lid=5
lock_server::acquire end
lock_server::release begin lid=20
lock_server::release end20
lock_server::acquire begin lid=21
lock_server::acquire end
lock_server::release begin lid=21
lock_server::release end21
lock_server::release begin lid=5
lock_server::release end5
lock_server::acquire begin lid=21
lock_server::acquire end
lock_server::acquire begin lid=4
lock_server::acquire end
lock_server::release begin lid=21
lock_server::release end21
lock_server::acquire begin lid=22
lock_server::acquire end
lock_server::release begin lid=22
lock_server::release end22
lock_server::release begin lid=4
lock_server::release end4
lock_server::acquire begin lid=22
lock_server::acquire end
lock_server::release begin lid=22
lock_server::release end22
lock_server::acquire begin lid=5
lock_server::acquire end
lock_server::acquire begin lid=23
lock_server::acquire end
lock_server::acquire begin lid=4
lock_server::acquire end
lock_server::release begin lid=23
lock_server::release end23
lock_server::release begin lid=5
lock_server::release end5
lock_server::acquire begin lid=24
lock_server::acquire end
lock_server::release begin lid=24
lock_server::release end24
lock_server::release begin lid=4
lock_server::release end4
lock_server::acquire begin lid=23
lock_server::acquire end
lock_server::release begin lid=23
lock_server::release end23
lock_server::acquire begin lid=24
lock_server::acquire end
lock_server::release begin lid=24
lock_server::release end24
lock_server::acquire begin lid=5
lock_server::acquire end
lock_server::acquire begin lid=25
lock_server::acquire end
lock_server::release begin lid=25
lock_server::release end25
lock_server::release begin lid=5
lock_server::release end5
lock_server::acquire begin lid=25
lock_server::acquire end
lock_server::release begin lid=25
lock_server::release end25
lock_server::acquire begin lid=4
lock_server::acquire end
lock_server::acquire begin lid=7
lock_server::acquire end
lock_server::release begin lid=7
lock_server::release end7
lock_server::release begin lid=4
lock_server::release end4
lock_server::acquire begin lid=5
lock_server::acquire end
lock_server::acquire begin lid=6
lock_server::acquire end
lock_server::release begin lid=6
lock_server::release end6
lock_server::release begin lid=5
lock_server::release end5
lock_server::acquire begin lid=4
lock_server::acquire end
lock_server::acquire begin lid=9
lock_server::acquire end
lock_server::release begin lid=9
lock_server::release end9
lock_server::release begin lid=4
lock_server::release end4
lock_server::acquire begin lid=5
lock_server::acquire end
lock_server::acquire begin lid=8
lock_server::acquire end
lock_server::acquire begin lid=4
lock_server::acquire end
lock_server::release begin lid=8
lock_server::release end8
lock_server::release begin lid=5
lock_server::release end5
lock_server::acquire begin lid=11
lock_server::acquire end
lock_server::release begin lid=11
lock_server::release end11
lock_server::release begin lid=4
lock_server::release end4
lock_server::acquire begin lid=5
lock_server::acquire end
lock_server::acquire begin lid=4
lock_server::acquire end
lock_server::acquire begin lid=10
lock_server::acquire end
lock_server::acquire begin lid=12
lock_server::acquire end
lock_server::release begin lid=10
lock_server::release end10
lock_server::release begin lid=12
lock_server::release end12
lock_server::release begin lid=5
lock_server::release end5
lock_server::release begin lid=4
lock_server::release end4
lock_server::acquire begin lid=4
lock_server::acquire end
lock_server::acquire begin lid=5
lock_server::acquire end
lock_server::acquire begin lid=14
lock_server::acquire end
lock_server::release begin lid=14
lock_server::release end14
lock_server::release begin lid=4
lock_server::release end4
lock_server::acquire begin lid=13
lock_server::acquire end
lock_server::release begin lid=13
lock_server::release end13
lock_server::release begin lid=5
lock_server::release end5
lock_server::acquire begin lid=4
lock_server::acquire end
lock_server::acquire begin lid=16
lock_server::acquire end
lock_server::release begin lid=16
lock_server::release end16
lock_server::release begin lid=4
lock_server::release end4
lock_server::acquire begin lid=5
lock_server::acquire end
lock_server::acquire begin lid=15
lock_server::acquire end
lock_server::release begin lid=15
lock_server::release end15
lock_server::acquire begin lid=4
lock_server::acquire end
lock_server::release begin lid=5
lock_server::release end5
lock_server::acquire begin lid=18
lock_server::acquire end
lock_server::release begin lid=18
lock_server::release end18
lock_server::release begin lid=4
lock_server::release end4
lock_server::acquire begin lid=5
lock_server::acquire end
lock_server::acquire begin lid=4
lock_server::acquire end
lock_server::acquire begin lid=17
lock_server::acquire end
lock_server::release begin lid=17
lock_server::release end17
lock_server::acquire begin lid=20
lock_server::acquire end
lock_server::release begin lid=20
lock_server::release end20
lock_server::release begin lid=5
lock_server::release end5
lock_server::release begin lid=4
lock_server::release end4
lock_server::acquire begin lid=4
lock_server::acquire end
lock_server::acquire begin lid=5
lock_server::acquire end
lock_server::acquire begin lid=22
lock_server::acquire end
lock_server::release begin lid=22
lock_server::release end22
lock_server::release begin lid=4
lock_server::release end4
lock_server::acquire begin lid=19
lock_server::acquire end
lock_server::release begin lid=19
lock_server::release end19
lock_server::release begin lid=5
lock_server::release end5
lock_server::acquire begin lid=5
lock_server::acquire end
lock_server::acquire begin lid=21
lock_server::acquire end
lock_server::release begin lid=21
lock_server::release end21
lock_server::release begin lid=5
lock_server::release end5
lock_server::acquire begin lid=5
lock_server::acquire end
lock_server::acquire begin lid=23
lock_server::acquire end
lock_server::release begin lid=23
lock_server::release end23
lock_server::release begin lid=5
lock_server::release end5
