FUSE library version: 2.9.4
unique: 1, opcode: INIT (26), nodeid: 0, insize: 56, pid: 0
INIT: 7.26
flags=0x001ffffb
max_readahead=0x00020000
   INIT: 7.19
   flags=0x00000000
   max_readahead=0x00020000
   max_write=0x00020000
   max_background=0
   congestion_threshold=0
   unique: 1, success, outsize: 40
unique: 2, opcode: LOOKUP (1), nodeid: 1, insize: 46, pid: 36910
issymlink: 1 is not a symbolic link
getfile 0000000000000001
getfile 0000000000000001 -> sz 15289
getattr 00000000000000fa 0
issymlink: 250 is a symbolic link
   getattr -> 10
   unique: 2, success, outsize: 144
unique: 3, opcode: GETATTR (3), nodeid: 250, insize: 56, pid: 36910
getattr 00000000000000fa 0
issymlink: 250 is a symbolic link
   getattr -> 10
   unique: 3, success, outsize: 120
unique: 4, opcode: LOOKUP (1), nodeid: 1, insize: 46, pid: 36910
issymlink: 1 is not a symbolic link
getfile 0000000000000001
getfile 0000000000000001 -> sz 15289
getattr 00000000000000fa 0
issymlink: 250 is a symbolic link
   getattr -> 10
   unique: 4, success, outsize: 144
unique: 5, opcode: UNLINK (10), nodeid: 1, insize: 46, pid: 36910
issymlink: 1 is not a symbolic link
getfile 0000000000000001
getfile 0000000000000001 -> sz 15289
   unique: 5, success, outsize: 16
unique: 6, opcode: FORGET (2), nodeid: 250, insize: 48, pid: 0
unique: 7, opcode: LOOKUP (1), nodeid: 1, insize: 54, pid: 36910
issymlink: 1 is not a symbolic link
getfile 0000000000000001
getfile 0000000000000001 -> sz 15279
getattr 00000000000000fc 0
issymlink: 252 is a symbolic link
   getattr -> 10
   unique: 7, success, outsize: 144
unique: 8, opcode: GETATTR (3), nodeid: 252, insize: 56, pid: 36910
getattr 00000000000000fc 0
issymlink: 252 is a symbolic link
   getattr -> 10
   unique: 8, success, outsize: 120
unique: 9, opcode: LOOKUP (1), nodeid: 1, insize: 54, pid: 36910
issymlink: 1 is not a symbolic link
getfile 0000000000000001
getfile 0000000000000001 -> sz 15279
getattr 00000000000000fc 0
issymlink: 252 is a symbolic link
   getattr -> 10
   unique: 9, success, outsize: 144
unique: 10, opcode: UNLINK (10), nodeid: 1, insize: 54, pid: 36910
issymlink: 1 is not a symbolic link
getfile 0000000000000001
getfile 0000000000000001 -> sz 15279
   unique: 10, success, outsize: 16
unique: 11, opcode: FORGET (2), nodeid: 252, insize: 48, pid: 0
unique: 12, opcode: LOOKUP (1), nodeid: 1, insize: 51, pid: 36910
issymlink: 1 is not a symbolic link
getfile 0000000000000001
getfile 0000000000000001 -> sz 15261
isfile: 251 is a file
getattr 00000000000000fb 1
isfile: 251 is a file
getfile 00000000000000fb
getfile 00000000000000fb -> sz 0
   getattr -> 0
   unique: 12, success, outsize: 144
unique: 13, opcode: GETATTR (3), nodeid: 251, insize: 56, pid: 36910
isfile: 251 is a file
getattr 00000000000000fb 1
isfile: 251 is a file
getfile 00000000000000fb
getfile 00000000000000fb -> sz 0
   getattr -> 0
   unique: 13, success, outsize: 120
unique: 14, opcode: LOOKUP (1), nodeid: 1, insize: 51, pid: 36910
issymlink: 1 is not a symbolic link
getfile 0000000000000001
getfile 0000000000000001 -> sz 15261
isfile: 251 is a file
getattr 00000000000000fb 1
isfile: 251 is a file
getfile 00000000000000fb
getfile 00000000000000fb -> sz 0
   getattr -> 0
   unique: 14, success, outsize: 144
unique: 15, opcode: UNLINK (10), nodeid: 1, insize: 51, pid: 36910
issymlink: 1 is not a symbolic link
getfile 0000000000000001
getfile 0000000000000001 -> sz 15261
   unique: 15, success, outsize: 16
unique: 16, opcode: FORGET (2), nodeid: 251, insize: 48, pid: 0
unique: 17, opcode: LOOKUP (1), nodeid: 1, insize: 52, pid: 36910
issymlink: 1 is not a symbolic link
getfile 0000000000000001
getfile 0000000000000001 -> sz 15247
   unique: 17, error: -2 (No such file or directory), outsize: 16
unique: 18, opcode: LOOKUP (1), nodeid: 1, insize: 52, pid: 36910
issymlink: 1 is not a symbolic link
getfile 0000000000000001
getfile 0000000000000001 -> sz 15247
   unique: 18, error: -2 (No such file or directory), outsize: 16
unique: 19, opcode: LOOKUP (1), nodeid: 1, insize: 46, pid: 36912
issymlink: 1 is not a symbolic link
getfile 0000000000000001
getfile 0000000000000001 -> sz 15247
   unique: 19, error: -2 (No such file or directory), outsize: 16
unique: 20, opcode: LOOKUP (1), nodeid: 1, insize: 46, pid: 36912
issymlink: 1 is not a symbolic link
getfile 0000000000000001
getfile 0000000000000001 -> sz 15247
   unique: 20, error: -2 (No such file or directory), outsize: 16
unique: 21, opcode: SYMLINK (6), nodeid: 1, insize: 57, pid: 36912
[fuse] void fuseserver_symlink begin
issymlink: 1 is not a symbolic link
issymlink: 1 is not a symbolic link
getfile 0000000000000001
getfile 0000000000000001 -> sz 15247
[fuse] void fuseserver_symlink e.ino=250
   unique: 21, success, outsize: 144
[fuse] void fuseserver_symlink end
unique: 22, opcode: LOOKUP (1), nodeid: 1, insize: 46, pid: 36913
issymlink: 1 is not a symbolic link
getfile 0000000000000001
getfile 0000000000000001 -> sz 15257
getattr 00000000000000fa 0
issymlink: 250 is a symbolic link
   getattr -> 10
   unique: 22, success, outsize: 144
unique: 23, opcode: READLINK (5), nodeid: 250, insize: 40, pid: 36913
   unique: 23, success, outsize: 26
unique: 24, opcode: LOOKUP (1), nodeid: 1, insize: 51, pid: 36914
issymlink: 1 is not a symbolic link
getfile 0000000000000001
getfile 0000000000000001 -> sz 15257
   unique: 24, error: -2 (No such file or directory), outsize: 16
unique: 25, opcode: LOOKUP (1), nodeid: 1, insize: 51, pid: 36914
issymlink: 1 is not a symbolic link
getfile 0000000000000001
getfile 0000000000000001 -> sz 15257
   unique: 25, error: -2 (No such file or directory), outsize: 16
unique: 26, opcode: LOOKUP (1), nodeid: 1, insize: 51, pid: 36914
issymlink: 1 is not a symbolic link
getfile 0000000000000001
getfile 0000000000000001 -> sz 15257
   unique: 26, error: -2 (No such file or directory), outsize: 16
unique: 27, opcode: CREATE (35), nodeid: 1, insize: 67, pid: 36914
issymlink: 1 is not a symbolic link
getfile 0000000000000001
getfile 0000000000000001 -> sz 15257
getfile 0000000000000001
getfile 0000000000000001 -> sz 15257
isfile: 251 is a file
getattr 00000000000000fb 1
isfile: 251 is a file
getfile 00000000000000fb
getfile 00000000000000fb -> sz 0
   getattr -> 0
   unique: 27, success, outsize: 160
OK: create returns.
unique: 28, opcode: GETATTR (3), nodeid: 251, insize: 56, pid: 36914
isfile: 251 is a file
getattr 00000000000000fb 1
isfile: 251 is a file
getfile 00000000000000fb
getfile 00000000000000fb -> sz 0
   getattr -> 0
   unique: 28, success, outsize: 120
unique: 29, opcode: GETXATTR (22), nodeid: 251, insize: 68, pid: 36914
   unique: 29, error: -38 (Function not implemented), outsize: 16
unique: 30, opcode: WRITE (16), nodeid: 251, insize: 254, pid: 36914
   unique: 30, success, outsize: 24
unique: 31, opcode: FLUSH (25), nodeid: 251, insize: 64, pid: 36914
   unique: 31, error: -38 (Function not implemented), outsize: 16
unique: 32, opcode: RELEASE (18), nodeid: 251, insize: 64, pid: 0
   unique: 32, success, outsize: 16
unique: 33, opcode: LOOKUP (1), nodeid: 1, insize: 54, pid: 36915
issymlink: 1 is not a symbolic link
getfile 0000000000000001
getfile 0000000000000001 -> sz 15272
   unique: 33, error: -2 (No such file or directory), outsize: 16
unique: 34, opcode: LOOKUP (1), nodeid: 1, insize: 54, pid: 36915
issymlink: 1 is not a symbolic link
getfile 0000000000000001
getfile 0000000000000001 -> sz 15272
   unique: 34, error: -2 (No such file or directory), outsize: 16
unique: 35, opcode: SYMLINK (6), nodeid: 1, insize: 65, pid: 36915
[fuse] void fuseserver_symlink begin
issymlink: 1 is not a symbolic link
issymlink: 1 is not a symbolic link
getfile 0000000000000001
getfile 0000000000000001 -> sz 15272
[fuse] void fuseserver_symlink e.ino=252
   unique: 35, success, outsize: 144
[fuse] void fuseserver_symlink end
unique: 36, opcode: LOOKUP (1), nodeid: 1, insize: 54, pid: 36916
issymlink: 1 is not a symbolic link
getfile 0000000000000001
getfile 0000000000000001 -> sz 15290
getattr 00000000000000fc 0
issymlink: 252 is a symbolic link
   getattr -> 10
   unique: 36, success, outsize: 144
unique: 37, opcode: READLINK (5), nodeid: 252, insize: 40, pid: 36916
   unique: 37, success, outsize: 26
unique: 38, opcode: LOOKUP (1), nodeid: 1, insize: 51, pid: 36916
issymlink: 1 is not a symbolic link
getfile 0000000000000001
getfile 0000000000000001 -> sz 15290
isfile: 251 is a file
getattr 00000000000000fb 1
isfile: 251 is a file
getfile 00000000000000fb
getfile 00000000000000fb -> sz 174
   getattr -> 174
   unique: 38, success, outsize: 144
unique: 39, opcode: GETATTR (3), nodeid: 251, insize: 56, pid: 36916
isfile: 251 is a file
getattr 00000000000000fb 1
isfile: 251 is a file
getfile 00000000000000fb
getfile 00000000000000fb -> sz 174
   getattr -> 174
   unique: 39, success, outsize: 120
unique: 40, opcode: LOOKUP (1), nodeid: 1, insize: 51, pid: 36916
issymlink: 1 is not a symbolic link
getfile 0000000000000001
getfile 0000000000000001 -> sz 15290
isfile: 251 is a file
getattr 00000000000000fb 1
isfile: 251 is a file
getfile 00000000000000fb
getfile 00000000000000fb -> sz 174
   getattr -> 174
   unique: 40, success, outsize: 144
unique: 41, opcode: GETATTR (3), nodeid: 251, insize: 56, pid: 36916
isfile: 251 is a file
getattr 00000000000000fb 1
isfile: 251 is a file
getfile 00000000000000fb
getfile 00000000000000fb -> sz 174
   getattr -> 174
   unique: 41, success, outsize: 120
unique: 42, opcode: LOOKUP (1), nodeid: 1, insize: 51, pid: 36917
issymlink: 1 is not a symbolic link
getfile 0000000000000001
getfile 0000000000000001 -> sz 15290
isfile: 251 is a file
getattr 00000000000000fb 1
isfile: 251 is a file
getfile 00000000000000fb
getfile 00000000000000fb -> sz 174
   getattr -> 174
   unique: 42, success, outsize: 144
unique: 43, opcode: GETATTR (3), nodeid: 251, insize: 56, pid: 36917
isfile: 251 is a file
getattr 00000000000000fb 1
isfile: 251 is a file
getfile 00000000000000fb
getfile 00000000000000fb -> sz 174
   getattr -> 174
   unique: 43, success, outsize: 120
unique: 44, opcode: LOOKUP (1), nodeid: 1, insize: 51, pid: 36917
issymlink: 1 is not a symbolic link
getfile 0000000000000001
getfile 0000000000000001 -> sz 15290
isfile: 251 is a file
getattr 00000000000000fb 1
isfile: 251 is a file
getfile 00000000000000fb
getfile 00000000000000fb -> sz 174
   getattr -> 174
   unique: 44, success, outsize: 144
unique: 45, opcode: UNLINK (10), nodeid: 1, insize: 51, pid: 36917
issymlink: 1 is not a symbolic link
getfile 0000000000000001
getfile 0000000000000001 -> sz 15290
   unique: 45, success, outsize: 16
unique: 46, opcode: FORGET (2), nodeid: 251, insize: 48, pid: 0
unique: 47, opcode: LOOKUP (1), nodeid: 1, insize: 51, pid: 36918
issymlink: 1 is not a symbolic link
getfile 0000000000000001
getfile 0000000000000001 -> sz 15275
   unique: 47, error: -2 (No such file or directory), outsize: 16
unique: 48, opcode: CREATE (35), nodeid: 1, insize: 67, pid: 36918
issymlink: 1 is not a symbolic link
getfile 0000000000000001
getfile 0000000000000001 -> sz 15275
getfile 0000000000000001
getfile 0000000000000001 -> sz 15275
isfile: 251 is a file
getattr 00000000000000fb 1
isfile: 251 is a file
getfile 00000000000000fb
getfile 00000000000000fb -> sz 0
   getattr -> 0
   unique: 48, success, outsize: 160
OK: create returns.
unique: 49, opcode: SETATTR (4), nodeid: 251, insize: 128, pid: 36918
fuseserver_setattr 0x1b0
   unique: 49, error: -38 (Function not implemented), outsize: 16
unique: 50, opcode: SETATTR (4), nodeid: 251, insize: 128, pid: 36918
fuseserver_setattr 0x1b0
   unique: 50, error: -38 (Function not implemented), outsize: 16
unique: 51, opcode: LOOKUP (1), nodeid: 1, insize: 51, pid: 36918
issymlink: 1 is not a symbolic link
getfile 0000000000000001
getfile 0000000000000001 -> sz 15290
isfile: 251 is a file
getattr 00000000000000fb 1
isfile: 251 is a file
getfile 00000000000000fb
getfile 00000000000000fb -> sz 0
   getattr -> 0
   unique: 51, success, outsize: 144
unique: 52, opcode: SETATTR (4), nodeid: 251, insize: 128, pid: 36918
fuseserver_setattr 0x1b0
   unique: 52, error: -38 (Function not implemented), outsize: 16
unique: 53, opcode: LOOKUP (1), nodeid: 1, insize: 51, pid: 36918
issymlink: 1 is not a symbolic link
getfile 0000000000000001
getfile 0000000000000001 -> sz 15290
isfile: 251 is a file
getattr 00000000000000fb 1
isfile: 251 is a file
getfile 00000000000000fb
getfile 00000000000000fb -> sz 0
   getattr -> 0
   unique: 53, success, outsize: 144
unique: 54, opcode: SETATTR (4), nodeid: 251, insize: 128, pid: 36918
fuseserver_setattr 0x1b0
   unique: 54, error: -38 (Function not implemented), outsize: 16
unique: 55, opcode: RELEASE (18), nodeid: 251, insize: 64, pid: 0
   unique: 55, success, outsize: 16
unique: 56, opcode: LOOKUP (1), nodeid: 1, insize: 54, pid: 36919
issymlink: 1 is not a symbolic link
getfile 0000000000000001
getfile 0000000000000001 -> sz 15290
getattr 00000000000000fc 0
issymlink: 252 is a symbolic link
   getattr -> 10
   unique: 56, success, outsize: 144
unique: 57, opcode: READLINK (5), nodeid: 252, insize: 40, pid: 36919
   unique: 57, success, outsize: 26
unique: 58, opcode: LOOKUP (1), nodeid: 1, insize: 51, pid: 36919
issymlink: 1 is not a symbolic link
getfile 0000000000000001
getfile 0000000000000001 -> sz 15290
isfile: 251 is a file
getattr 00000000000000fb 1
isfile: 251 is a file
getfile 00000000000000fb
getfile 00000000000000fb -> sz 0
   getattr -> 0
   unique: 58, success, outsize: 144
unique: 59, opcode: GETATTR (3), nodeid: 251, insize: 56, pid: 36919
isfile: 251 is a file
getattr 00000000000000fb 1
isfile: 251 is a file
getfile 00000000000000fb
getfile 00000000000000fb -> sz 0
   getattr -> 0
   unique: 59, success, outsize: 120
unique: 60, opcode: LOOKUP (1), nodeid: 1, insize: 51, pid: 36919
issymlink: 1 is not a symbolic link
getfile 0000000000000001
getfile 0000000000000001 -> sz 15290
isfile: 251 is a file
getattr 00000000000000fb 1
isfile: 251 is a file
getfile 00000000000000fb
getfile 00000000000000fb -> sz 0
   getattr -> 0
   unique: 60, success, outsize: 144
unique: 61, opcode: GETATTR (3), nodeid: 251, insize: 56, pid: 36919
isfile: 251 is a file
getattr 00000000000000fb 1
isfile: 251 is a file
getfile 00000000000000fb
getfile 00000000000000fb -> sz 0
   getattr -> 0
   unique: 61, success, outsize: 120
unique: 62, opcode: LOOKUP (1), nodeid: 1, insize: 53, pid: 36950
issymlink: 1 is not a symbolic link
getfile 0000000000000001
getfile 0000000000000001 -> sz 15291
   unique: 62, error: -2 (No such file or directory), outsize: 16
unique: 63, opcode: CREATE (35), nodeid: 1, insize: 69, pid: 36950
issymlink: 1 is not a symbolic link
getfile 0000000000000001
getfile 0000000000000001 -> sz 15291
getfile 0000000000000001
getfile 0000000000000001 -> sz 15291
isfile: 253 is a file
getattr 00000000000000fd 1
isfile: 253 is a file
getfile 00000000000000fd
getfile 00000000000000fd -> sz 0
   getattr -> 0
   unique: 63, success, outsize: 160
OK: create returns.
unique: 64, opcode: SETATTR (4), nodeid: 253, insize: 128, pid: 36950
fuseserver_setattr 0x8
   fuseserver_setattr set size to 3072
getfile 00000000000000fd
getfile 00000000000000fd -> sz 0
isfile: 253 is a file
getattr 00000000000000fd 1
isfile: 253 is a file
getfile 00000000000000fd
getfile 00000000000000fd -> sz 3072
   getattr -> 3072
   unique: 64, success, outsize: 120
unique: 65, opcode: IOCTL (39), nodeid: 253, insize: 72, pid: 36950
   unique: 65, error: -38 (Function not implemented), outsize: 16
unique: 66, opcode: WRITE (16), nodeid: 253, insize: 1104, pid: 36950
   unique: 66, success, outsize: 24
unique: 67, opcode: WRITE (16), nodeid: 253, insize: 1104, pid: 36950
   unique: 67, success, outsize: 24
unique: 68, opcode: WRITE (16), nodeid: 253, insize: 1104, pid: 36950
   unique: 68, success, outsize: 24
unique: 69, opcode: WRITE (16), nodeid: 253, insize: 1104, pid: 36950
   unique: 69, success, outsize: 24
unique: 70, opcode: WRITE (16), nodeid: 253, insize: 1104, pid: 36950
   unique: 70, success, outsize: 24
unique: 71, opcode: WRITE (16), nodeid: 253, insize: 1104, pid: 36950
   unique: 71, success, outsize: 24
unique: 72, opcode: WRITE (16), nodeid: 253, insize: 1104, pid: 36950
   unique: 72, success, outsize: 24
unique: 73, opcode: WRITE (16), nodeid: 253, insize: 1104, pid: 36950
   unique: 73, success, outsize: 24
unique: 74, opcode: WRITE (16), nodeid: 253, insize: 1104, pid: 36950
   unique: 74, success, outsize: 24
unique: 75, opcode: WRITE (16), nodeid: 253, insize: 1104, pid: 36950
   unique: 75, success, outsize: 24
unique: 76, opcode: WRITE (16), nodeid: 253, insize: 1104, pid: 36950
   unique: 76, success, outsize: 24
unique: 77, opcode: WRITE (16), nodeid: 253, insize: 1104, pid: 36950
   unique: 77, success, outsize: 24
unique: 78, opcode: WRITE (16), nodeid: 253, insize: 1104, pid: 36950
   unique: 78, success, outsize: 24
unique: 79, opcode: WRITE (16), nodeid: 253, insize: 1104, pid: 36950
   unique: 79, success, outsize: 24
unique: 80, opcode: WRITE (16), nodeid: 253, insize: 1104, pid: 36950
   unique: 80, success, outsize: 24
unique: 81, opcode: WRITE (16), nodeid: 253, insize: 1104, pid: 36950
   unique: 81, success, outsize: 24
unique: 82, opcode: WRITE (16), nodeid: 253, insize: 1104, pid: 36950
   unique: 82, success, outsize: 24
unique: 83, opcode: WRITE (16), nodeid: 253, insize: 1104, pid: 36950
   unique: 83, success, outsize: 24
unique: 84, opcode: WRITE (16), nodeid: 253, insize: 1104, pid: 36950
   unique: 84, success, outsize: 24
unique: 85, opcode: WRITE (16), nodeid: 253, insize: 1104, pid: 36950
   unique: 85, success, outsize: 24
unique: 86, opcode: WRITE (16), nodeid: 253, insize: 1104, pid: 36950
   unique: 86, success, outsize: 24
unique: 87, opcode: WRITE (16), nodeid: 253, insize: 1104, pid: 36950
   unique: 87, success, outsize: 24
unique: 88, opcode: WRITE (16), nodeid: 253, insize: 1104, pid: 36950
   unique: 88, success, outsize: 24
unique: 89, opcode: WRITE (16), nodeid: 253, insize: 1104, pid: 36950
   unique: 89, success, outsize: 24
unique: 90, opcode: WRITE (16), nodeid: 253, insize: 1104, pid: 36950
   unique: 90, success, outsize: 24
unique: 91, opcode: WRITE (16), nodeid: 253, insize: 1104, pid: 36950
   unique: 91, success, outsize: 24
unique: 92, opcode: WRITE (16), nodeid: 253, insize: 1104, pid: 36950
   unique: 92, success, outsize: 24
unique: 93, opcode: WRITE (16), nodeid: 253, insize: 1104, pid: 36950
   unique: 93, success, outsize: 24
unique: 94, opcode: WRITE (16), nodeid: 253, insize: 1104, pid: 36950
   unique: 94, success, outsize: 24
unique: 95, opcode: WRITE (16), nodeid: 253, insize: 1104, pid: 36950
   unique: 95, success, outsize: 24
unique: 96, opcode: RELEASE (18), nodeid: 253, insize: 64, pid: 0
   unique: 96, success, outsize: 16
unique: 97, opcode: LOOKUP (1), nodeid: 1, insize: 53, pid: 36951
issymlink: 1 is not a symbolic link
getfile 0000000000000001
getfile 0000000000000001 -> sz 15308
isfile: 253 is a file
getattr 00000000000000fd 1
isfile: 253 is a file
getfile 00000000000000fd
getfile 00000000000000fd -> sz 33792
   getattr -> 33792
   unique: 97, success, outsize: 144
unique: 98, opcode: GETATTR (3), nodeid: 253, insize: 56, pid: 36951
isfile: 253 is a file
getattr 00000000000000fd 1
isfile: 253 is a file
getfile 00000000000000fd
getfile 00000000000000fd -> sz 33792
   getattr -> 33792
   unique: 98, success, outsize: 120
unique: 99, opcode: LOOKUP (1), nodeid: 1, insize: 53, pid: 36951
issymlink: 1 is not a symbolic link
getfile 0000000000000001
getfile 0000000000000001 -> sz 15308
isfile: 253 is a file
getattr 00000000000000fd 1
isfile: 253 is a file
getfile 00000000000000fd
getfile 00000000000000fd -> sz 33792
   getattr -> 33792
   unique: 99, success, outsize: 144
unique: 100, opcode: OPEN (14), nodeid: 253, insize: 48, pid: 36951
   unique: 100, success, outsize: 32
unique: 101, opcode: READ (15), nodeid: 253, insize: 80, pid: 36951
   unique: 101, success, outsize: 16400
unique: 102, opcode: READ (15), nodeid: 253, insize: 80, pid: 36951
   unique: 102, success, outsize: 17424
unique: 103, opcode: GETATTR (3), nodeid: 253, insize: 56, pid: 36951
isfile: 253 is a file
getattr 00000000000000fd 1
isfile: 253 is a file
getfile 00000000000000fd
getfile 00000000000000fd -> sz 33792
   getattr -> 33792
   unique: 103, success, outsize: 120
unique: 104, opcode: GETATTR (3), nodeid: 253, insize: 56, pid: 36951
isfile: 253 is a file
getattr 00000000000000fd 1
isfile: 253 is a file
getfile 00000000000000fd
getfile 00000000000000fd -> sz 33792
   getattr -> 33792
   unique: 104, success, outsize: 120
unique: 105, opcode: RELEASE (18), nodeid: 253, insize: 64, pid: 0
   unique: 105, success, outsize: 16
unique: 106, opcode: LOOKUP (1), nodeid: 1, insize: 53, pid: 36952
issymlink: 1 is not a symbolic link
getfile 0000000000000001
getfile 0000000000000001 -> sz 15308
isfile: 253 is a file
getattr 00000000000000fd 1
isfile: 253 is a file
getfile 00000000000000fd
getfile 00000000000000fd -> sz 33792
   getattr -> 33792
   unique: 106, success, outsize: 144
unique: 107, opcode: GETATTR (3), nodeid: 253, insize: 56, pid: 36952
isfile: 253 is a file
getattr 00000000000000fd 1
isfile: 253 is a file
getfile 00000000000000fd
getfile 00000000000000fd -> sz 33792
   getattr -> 33792
   unique: 107, success, outsize: 120
unique: 108, opcode: LOOKUP (1), nodeid: 1, insize: 53, pid: 36952
issymlink: 1 is not a symbolic link
getfile 0000000000000001
getfile 0000000000000001 -> sz 15308
isfile: 253 is a file
getattr 00000000000000fd 1
isfile: 253 is a file
getfile 00000000000000fd
getfile 00000000000000fd -> sz 33792
   getattr -> 33792
   unique: 108, success, outsize: 144
unique: 109, opcode: UNLINK (10), nodeid: 1, insize: 53, pid: 36952
issymlink: 1 is not a symbolic link
getfile 0000000000000001
getfile 0000000000000001 -> sz 15308
   unique: 109, success, outsize: 16
unique: 110, opcode: FORGET (2), nodeid: 253, insize: 48, pid: 0
unique: 111, opcode: LOOKUP (1), nodeid: 1, insize: 45, pid: 36966
issymlink: 1 is not a symbolic link
getfile 0000000000000001
getfile 0000000000000001 -> sz 15301
getattr 00000000000000fd 0
issymlink: 253 is not a symbolic link
getdir 00000000000000fd
   getattr -> 0 0 0
   unique: 111, success, outsize: 144
unique: 112, opcode: ACCESS (34), nodeid: 253, insize: 48, pid: 36966
   unique: 112, error: -38 (Function not implemented), outsize: 16
unique: 113, opcode: LOOKUP (1), nodeid: 1, insize: 45, pid: 36966
issymlink: 1 is not a symbolic link
getfile 0000000000000001
getfile 0000000000000001 -> sz 15301
getattr 00000000000000fd 0
issymlink: 253 is not a symbolic link
getdir 00000000000000fd
   getattr -> 0 5550909 5550909
   unique: 113, success, outsize: 144
unique: 114, opcode: LOOKUP (1), nodeid: 253, insize: 43, pid: 36966
issymlink: 253 is not a symbolic link
getfile 00000000000000fd
getfile 00000000000000fd -> sz 7
isfile: 254 is a file
getattr 00000000000000fe 1
isfile: 254 is a file
getfile 00000000000000fe
getfile 00000000000000fe -> sz 3
   getattr -> 3
   unique: 114, success, outsize: 144
unique: 115, opcode: OPEN (14), nodeid: 254, insize: 48, pid: 36966
   unique: 115, success, outsize: 32
unique: 116, opcode: GETATTR (3), nodeid: 254, insize: 56, pid: 36966
isfile: 254 is a file
getattr 00000000000000fe 1
isfile: 254 is a file
getfile 00000000000000fe
getfile 00000000000000fe -> sz 3
   getattr -> 3
   unique: 116, success, outsize: 120
unique: 117, opcode: READ (15), nodeid: 254, insize: 80, pid: 36966
   unique: 117, success, outsize: 19
unique: 118, opcode: RELEASE (18), nodeid: 254, insize: 64, pid: 0
   unique: 118, success, outsize: 16
unique: 119, opcode: LOOKUP (1), nodeid: 1, insize: 45, pid: 36966
issymlink: 1 is not a symbolic link
getfile 0000000000000001
getfile 0000000000000001 -> sz 15301
getattr 00000000000000fd 0
issymlink: 253 is not a symbolic link
getdir 00000000000000fd
   getattr -> 0 5550909 5550909
   unique: 119, success, outsize: 144
unique: 120, opcode: LOOKUP (1), nodeid: 253, insize: 43, pid: 36966
issymlink: 253 is not a symbolic link
getfile 00000000000000fd
getfile 00000000000000fd -> sz 7
isfile: 254 is a file
getattr 00000000000000fe 1
isfile: 254 is a file
getfile 00000000000000fe
getfile 00000000000000fe -> sz 3
   getattr -> 3
   unique: 120, success, outsize: 144
unique: 121, opcode: UNLINK (10), nodeid: 253, insize: 43, pid: 36966
issymlink: 253 is not a symbolic link
getfile 00000000000000fd
getfile 00000000000000fd -> sz 7
   unique: 121, success, outsize: 16
unique: 122, opcode: FORGET (2), nodeid: 254, insize: 48, pid: 0
unique: 123, opcode: LOOKUP (1), nodeid: 1, insize: 45, pid: 36966
issymlink: 1 is not a symbolic link
getfile 0000000000000001
getfile 0000000000000001 -> sz 15301
getattr 00000000000000fd 0
issymlink: 253 is not a symbolic link
getdir 00000000000000fd
   getattr -> 0 48642712 48642712
   unique: 123, success, outsize: 144
unique: 124, opcode: LOOKUP (1), nodeid: 253, insize: 43, pid: 36966
issymlink: 253 is not a symbolic link
getfile 00000000000000fd
getfile 00000000000000fd -> sz 2
   unique: 124, error: -2 (No such file or directory), outsize: 16
unique: 125, opcode: LOOKUP (1), nodeid: 1, insize: 45, pid: 36966
issymlink: 1 is not a symbolic link
getfile 0000000000000001
getfile 0000000000000001 -> sz 15301
getattr 00000000000000fd 0
issymlink: 253 is not a symbolic link
getdir 00000000000000fd
   getattr -> 0 77461400 77461400
   unique: 125, success, outsize: 144
unique: 126, opcode: LOOKUP (1), nodeid: 253, insize: 43, pid: 36966
issymlink: 253 is not a symbolic link
getfile 00000000000000fd
getfile 00000000000000fd -> sz 9
isfile: 254 is a file
getattr 00000000000000fe 1
isfile: 254 is a file
getfile 00000000000000fe
getfile 00000000000000fe -> sz 3
   getattr -> 3
   unique: 126, success, outsize: 144
unique: 127, opcode: UNLINK (10), nodeid: 253, insize: 43, pid: 36966
issymlink: 253 is not a symbolic link
getfile 00000000000000fd
getfile 00000000000000fd -> sz 9
   unique: 127, success, outsize: 16
unique: 128, opcode: FORGET (2), nodeid: 254, insize: 48, pid: 0
unique: 129, opcode: LOOKUP (1), nodeid: 1, insize: 45, pid: 36966
issymlink: 1 is not a symbolic link
getfile 0000000000000001
getfile 0000000000000001 -> sz 15301
getattr 00000000000000fd 0
issymlink: 253 is not a symbolic link
getdir 00000000000000fd
   getattr -> 0 91755492 91755492
   unique: 129, success, outsize: 144
unique: 130, opcode: LOOKUP (1), nodeid: 253, insize: 43, pid: 36966
issymlink: 253 is not a symbolic link
getfile 00000000000000fd
getfile 00000000000000fd -> sz 3
   unique: 130, error: -2 (No such file or directory), outsize: 16
unique: 131, opcode: LOOKUP (1), nodeid: 1, insize: 45, pid: 36966
issymlink: 1 is not a symbolic link
getfile 0000000000000001
getfile 0000000000000001 -> sz 15301
getattr 00000000000000fd 0
issymlink: 253 is not a symbolic link
getdir 00000000000000fd
   getattr -> 0 130771881 130771881
   unique: 131, success, outsize: 144
unique: 132, opcode: LOOKUP (1), nodeid: 253, insize: 43, pid: 36966
issymlink: 253 is not a symbolic link
getfile 00000000000000fd
getfile 00000000000000fd -> sz 10
isfile: 254 is a file
getattr 00000000000000fe 1
isfile: 254 is a file
getfile 00000000000000fe
getfile 00000000000000fe -> sz 3
   getattr -> 3
   unique: 132, success, outsize: 144
unique: 133, opcode: OPEN (14), nodeid: 254, insize: 48, pid: 36966
   unique: 133, success, outsize: 32
unique: 134, opcode: GETATTR (3), nodeid: 254, insize: 56, pid: 36966
isfile: 254 is a file
getattr 00000000000000fe 1
isfile: 254 is a file
getfile 00000000000000fe
getfile 00000000000000fe -> sz 3
   getattr -> 3
   unique: 134, success, outsize: 120
unique: 135, opcode: READ (15), nodeid: 254, insize: 80, pid: 36966
   unique: 135, success, outsize: 19
unique: 136, opcode: RELEASE (18), nodeid: 254, insize: 64, pid: 0
   unique: 136, success, outsize: 16
unique: 137, opcode: LOOKUP (1), nodeid: 1, insize: 45, pid: 36966
issymlink: 1 is not a symbolic link
getfile 0000000000000001
getfile 0000000000000001 -> sz 15301
getattr 00000000000000fd 0
issymlink: 253 is not a symbolic link
getdir 00000000000000fd
   getattr -> 0 173172086 173172086
   unique: 137, success, outsize: 144
unique: 138, opcode: LOOKUP (1), nodeid: 253, insize: 44, pid: 36966
issymlink: 253 is not a symbolic link
getfile 00000000000000fd
getfile 00000000000000fd -> sz 4
   unique: 138, error: -2 (No such file or directory), outsize: 16
unique: 139, opcode: CREATE (35), nodeid: 253, insize: 60, pid: 36966
issymlink: 253 is not a symbolic link
getfile 00000000000000fd
getfile 00000000000000fd -> sz 4
getfile 00000000000000fd
getfile 00000000000000fd -> sz 4
isfile: 254 is a file
getattr 00000000000000fe 1
isfile: 254 is a file
getfile 00000000000000fe
getfile 00000000000000fe -> sz 0
   getattr -> 0
   unique: 139, success, outsize: 160
OK: create returns.
unique: 140, opcode: WRITE (16), nodeid: 254, insize: 82, pid: 36966
   unique: 140, success, outsize: 24
unique: 141, opcode: RELEASE (18), nodeid: 254, insize: 64, pid: 0
   unique: 141, success, outsize: 16
unique: 142, opcode: LOOKUP (1), nodeid: 1, insize: 45, pid: 36966
issymlink: 1 is not a symbolic link
getfile 0000000000000001
getfile 0000000000000001 -> sz 15301
getattr 00000000000000fd 0
issymlink: 253 is not a symbolic link
getdir 00000000000000fd
   getattr -> 0 192637298 192637298
   unique: 142, success, outsize: 144
unique: 143, opcode: LOOKUP (1), nodeid: 253, insize: 44, pid: 36966
issymlink: 253 is not a symbolic link
getfile 00000000000000fd
getfile 00000000000000fd -> sz 12
isfile: 254 is a file
getattr 00000000000000fe 1
isfile: 254 is a file
getfile 00000000000000fe
getfile 00000000000000fe -> sz 2
   getattr -> 2
   unique: 143, success, outsize: 144
unique: 144, opcode: UNLINK (10), nodeid: 253, insize: 44, pid: 36966
issymlink: 253 is not a symbolic link
getfile 00000000000000fd
getfile 00000000000000fd -> sz 12
   unique: 144, success, outsize: 16
unique: 145, opcode: LOOKUP (1), nodeid: 1, insize: 45, pid: 36966
issymlink: 1 is not a symbolic link
getfile 0000000000000001
getfile 0000000000000001 -> sz 15301
getattr 00000000000000fd 0
issymlink: 253 is not a symbolic link
getdir 00000000000000fd
   getattr -> 0 205508952 205508952
   unique: 145, success, outsize: 144
unique: 146, opcode: LOOKUP (1), nodeid: 253, insize: 43, pid: 36966
issymlink: 253 is not a symbolic link
getfile 00000000000000fd
getfile 00000000000000fd -> sz 5
   unique: 146, error: -2 (No such file or directory), outsize: 16
unique: 147, opcode: LOOKUP (1), nodeid: 253, insize: 43, pid: 36966
issymlink: 253 is not a symbolic link
getfile 00000000000000fd
getfile 00000000000000fd -> sz 5
   unique: 147, error: -2 (No such file or directory), outsize: 16
unique: 148, opcode: FORGET (2), nodeid: 254, insize: 48, pid: 0
unique: 149, opcode: LOOKUP (1), nodeid: 1, insize: 45, pid: 36966
issymlink: 1 is not a symbolic link
getfile 0000000000000001
getfile 0000000000000001 -> sz 15301
getattr 00000000000000fd 0
issymlink: 253 is not a symbolic link
getdir 00000000000000fd
   getattr -> 0 205508952 205508952
   unique: 149, success, outsize: 144
unique: 150, opcode: LOOKUP (1), nodeid: 253, insize: 43, pid: 36966
issymlink: 253 is not a symbolic link
getfile 00000000000000fd
getfile 00000000000000fd -> sz 5
   unique: 150, error: -2 (No such file or directory), outsize: 16
unique: 151, opcode: CREATE (35), nodeid: 253, insize: 59, pid: 36966
issymlink: 253 is not a symbolic link
getfile 00000000000000fd
getfile 00000000000000fd -> sz 5
getfile 00000000000000fd
getfile 00000000000000fd -> sz 5
isfile: 254 is a file
getattr 00000000000000fe 1
isfile: 254 is a file
getfile 00000000000000fe
getfile 00000000000000fe -> sz 0
   getattr -> 0
   unique: 151, success, outsize: 160
OK: create returns.
unique: 152, opcode: WRITE (16), nodeid: 254, insize: 83, pid: 36966
   unique: 152, success, outsize: 24
unique: 153, opcode: RELEASE (18), nodeid: 254, insize: 64, pid: 0
   unique: 153, success, outsize: 16
unique: 154, opcode: LOOKUP (1), nodeid: 1, insize: 45, pid: 36966
issymlink: 1 is not a symbolic link
getfile 0000000000000001
getfile 0000000000000001 -> sz 15301
getattr 00000000000000fd 0
issymlink: 253 is not a symbolic link
getdir 00000000000000fd
   getattr -> 0 222937361 222937361
   unique: 154, success, outsize: 144
unique: 155, opcode: LOOKUP (1), nodeid: 253, insize: 43, pid: 36966
issymlink: 253 is not a symbolic link
getfile 00000000000000fd
getfile 00000000000000fd -> sz 12
isfile: 254 is a file
getattr 00000000000000fe 1
isfile: 254 is a file
getfile 00000000000000fe
getfile 00000000000000fe -> sz 6
   getattr -> 6
   unique: 155, success, outsize: 144
unique: 156, opcode: OPEN (14), nodeid: 254, insize: 48, pid: 36966
   unique: 156, success, outsize: 32
unique: 157, opcode: WRITE (16), nodeid: 254, insize: 83, pid: 36966
   unique: 157, success, outsize: 24
unique: 158, opcode: RELEASE (18), nodeid: 254, insize: 64, pid: 0
   unique: 158, success, outsize: 16
unique: 159, opcode: LOOKUP (1), nodeid: 1, insize: 45, pid: 36966
issymlink: 1 is not a symbolic link
getfile 0000000000000001
getfile 0000000000000001 -> sz 15301
getattr 00000000000000fd 0
issymlink: 253 is not a symbolic link
getdir 00000000000000fd
   getattr -> 0 222937361 222937361
   unique: 159, success, outsize: 144
unique: 160, opcode: LOOKUP (1), nodeid: 253, insize: 43, pid: 36966
issymlink: 253 is not a symbolic link
getfile 00000000000000fd
getfile 00000000000000fd -> sz 12
isfile: 254 is a file
getattr 00000000000000fe 1
isfile: 254 is a file
getfile 00000000000000fe
getfile 00000000000000fe -> sz 9
   getattr -> 9
   unique: 160, success, outsize: 144
unique: 161, opcode: OPEN (14), nodeid: 254, insize: 48, pid: 36966
   unique: 161, success, outsize: 32
unique: 162, opcode: GETATTR (3), nodeid: 254, insize: 56, pid: 36966
isfile: 254 is a file
getattr 00000000000000fe 1
isfile: 254 is a file
getfile 00000000000000fe
getfile 00000000000000fe -> sz 9
   getattr -> 9
   unique: 162, success, outsize: 120
unique: 163, opcode: READ (15), nodeid: 254, insize: 80, pid: 36966
   unique: 163, success, outsize: 25
unique: 164, opcode: RELEASE (18), nodeid: 254, insize: 64, pid: 0
   unique: 164, success, outsize: 16
unique: 165, opcode: LOOKUP (1), nodeid: 1, insize: 45, pid: 36966
issymlink: 1 is not a symbolic link
getfile 0000000000000001
getfile 0000000000000001 -> sz 15301
getattr 00000000000000fd 0
issymlink: 253 is not a symbolic link
getdir 00000000000000fd
   getattr -> 0 222937361 222937361
   unique: 165, success, outsize: 144
unique: 166, opcode: OPENDIR (27), nodeid: 253, insize: 48, pid: 36966
   unique: 166, success, outsize: 32
unique: 167, opcode: GETATTR (3), nodeid: 253, insize: 56, pid: 36966
getattr 00000000000000fd 0
issymlink: 253 is not a symbolic link
getdir 00000000000000fd
   getattr -> 0 222937361 222937361
   unique: 167, success, outsize: 120
unique: 168, opcode: READDIR (28), nodeid: 253, insize: 80, pid: 36966
fuseserver_readdir
issymlink: 253 is not a symbolic link
issymlink: 253 is not a symbolic link
getfile 00000000000000fd
getfile 00000000000000fd -> sz 12
   unique: 168, success, outsize: 48
unique: 169, opcode: READDIR (28), nodeid: 253, insize: 80, pid: 36966
fuseserver_readdir
issymlink: 253 is not a symbolic link
issymlink: 253 is not a symbolic link
getfile 00000000000000fd
getfile 00000000000000fd -> sz 12
   unique: 169, success, outsize: 16
unique: 170, opcode: RELEASEDIR (29), nodeid: 253, insize: 64, pid: 0
   unique: 170, success, outsize: 16
unique: 171, opcode: LOOKUP (1), nodeid: 1, insize: 45, pid: 36966
issymlink: 1 is not a symbolic link
getfile 0000000000000001
getfile 0000000000000001 -> sz 15301
getattr 00000000000000fd 0
issymlink: 253 is not a symbolic link
getdir 00000000000000fd
   getattr -> 0 305639013 305639013
   unique: 171, success, outsize: 144
unique: 172, opcode: OPENDIR (27), nodeid: 253, insize: 48, pid: 36966
   unique: 172, success, outsize: 32
unique: 173, opcode: GETATTR (3), nodeid: 253, insize: 56, pid: 36966
getattr 00000000000000fd 0
issymlink: 253 is not a symbolic link
getdir 00000000000000fd
   getattr -> 0 305639013 305639013
   unique: 173, success, outsize: 120
unique: 174, opcode: READDIR (28), nodeid: 253, insize: 80, pid: 36966
fuseserver_readdir
issymlink: 253 is not a symbolic link
issymlink: 253 is not a symbolic link
getfile 00000000000000fd
getfile 00000000000000fd -> sz 6
   unique: 174, success, outsize: 16
unique: 175, opcode: RELEASEDIR (29), nodeid: 253, insize: 64, pid: 0
   unique: 175, success, outsize: 16
unique: 176, opcode: LOOKUP (1), nodeid: 1, insize: 45, pid: 36966
issymlink: 1 is not a symbolic link
getfile 0000000000000001
getfile 0000000000000001 -> sz 15301
getattr 00000000000000fd 0
issymlink: 253 is not a symbolic link
getdir 00000000000000fd
   getattr -> 0 305639013 305639013
   unique: 176, success, outsize: 144
unique: 177, opcode: LOOKUP (1), nodeid: 253, insize: 43, pid: 36966
issymlink: 253 is not a symbolic link
getfile 00000000000000fd
getfile 00000000000000fd -> sz 6
   unique: 177, error: -2 (No such file or directory), outsize: 16
unique: 178, opcode: CREATE (35), nodeid: 253, insize: 59, pid: 36966
issymlink: 253 is not a symbolic link
getfile 00000000000000fd
getfile 00000000000000fd -> sz 6
getfile 00000000000000fd
getfile 00000000000000fd -> sz 6
isfile: 254 is a file
getattr 00000000000000fe 1
isfile: 254 is a file
getfile 00000000000000fe
getfile 00000000000000fe -> sz 0
   getattr -> 0
   unique: 178, success, outsize: 160
OK: create returns.
unique: 179, opcode: WRITE (16), nodeid: 254, insize: 83, pid: 36966
   unique: 179, success, outsize: 24
unique: 180, opcode: RELEASE (18), nodeid: 254, insize: 64, pid: 0
   unique: 180, success, outsize: 16
unique: 181, opcode: LOOKUP (1), nodeid: 1, insize: 45, pid: 36966
issymlink: 1 is not a symbolic link
getfile 0000000000000001
getfile 0000000000000001 -> sz 15301
getattr 00000000000000fd 0
issymlink: 253 is not a symbolic link
getdir 00000000000000fd
   getattr -> 0 356821452 356821452
   unique: 181, success, outsize: 144
unique: 182, opcode: OPENDIR (27), nodeid: 253, insize: 48, pid: 36966
   unique: 182, success, outsize: 32
unique: 183, opcode: GETATTR (3), nodeid: 253, insize: 56, pid: 36966
getattr 00000000000000fd 0
issymlink: 253 is not a symbolic link
getdir 00000000000000fd
   getattr -> 0 356821452 356821452
   unique: 183, success, outsize: 120
unique: 184, opcode: READDIR (28), nodeid: 253, insize: 80, pid: 36966
fuseserver_readdir
issymlink: 253 is not a symbolic link
issymlink: 253 is not a symbolic link
getfile 00000000000000fd
getfile 00000000000000fd -> sz 20
   unique: 184, success, outsize: 80
unique: 185, opcode: READDIR (28), nodeid: 253, insize: 80, pid: 36966
fuseserver_readdir
issymlink: 253 is not a symbolic link
issymlink: 253 is not a symbolic link
getfile 00000000000000fd
getfile 00000000000000fd -> sz 20
   unique: 185, success, outsize: 16
unique: 186, opcode: RELEASEDIR (29), nodeid: 253, insize: 64, pid: 0
   unique: 186, success, outsize: 16
unique: 187, opcode: LOOKUP (1), nodeid: 1, insize: 45, pid: 36966
issymlink: 1 is not a symbolic link
getfile 0000000000000001
getfile 0000000000000001 -> sz 15301
getattr 00000000000000fd 0
issymlink: 253 is not a symbolic link
getdir 00000000000000fd
   getattr -> 0 356821452 356821452
   unique: 187, success, outsize: 144
unique: 188, opcode: LOOKUP (1), nodeid: 253, insize: 43, pid: 36966
issymlink: 253 is not a symbolic link
getfile 00000000000000fd
getfile 00000000000000fd -> sz 20
isfile: 254 is a file
getattr 00000000000000fe 1
isfile: 254 is a file
getfile 00000000000000fe
getfile 00000000000000fe -> sz 3
   getattr -> 3
   unique: 188, success, outsize: 144
unique: 189, opcode: UNLINK (10), nodeid: 253, insize: 43, pid: 36966
issymlink: 253 is not a symbolic link
getfile 00000000000000fd
getfile 00000000000000fd -> sz 20
   unique: 189, success, outsize: 16
unique: 190, opcode: LOOKUP (1), nodeid: 1, insize: 45, pid: 36966
issymlink: 1 is not a symbolic link
getfile 0000000000000001
getfile 0000000000000001 -> sz 15301
getattr 00000000000000fd 0
issymlink: 253 is not a symbolic link
getdir 00000000000000fd
   getattr -> 0 398144118 398144118
   unique: 190, success, outsize: 144
unique: 191, opcode: OPENDIR (27), nodeid: 253, insize: 48, pid: 36966
   unique: 191, success, outsize: 32
unique: 192, opcode: GETATTR (3), nodeid: 253, insize: 56, pid: 36966
getattr 00000000000000fd 0
issymlink: 253 is not a symbolic link
getdir 00000000000000fd
   getattr -> 0 398144118 398144118
   unique: 192, success, outsize: 120
unique: 193, opcode: READDIR (28), nodeid: 253, insize: 80, pid: 36966
fuseserver_readdir
issymlink: 253 is not a symbolic link
issymlink: 253 is not a symbolic link
getfile 00000000000000fd
getfile 00000000000000fd -> sz 13
   unique: 193, success, outsize: 48
unique: 194, opcode: READDIR (28), nodeid: 253, insize: 80, pid: 36966
fuseserver_readdir
issymlink: 253 is not a symbolic link
issymlink: 253 is not a symbolic link
getfile 00000000000000fd
getfile 00000000000000fd -> sz 13
   unique: 194, success, outsize: 16
unique: 195, opcode: RELEASEDIR (29), nodeid: 253, insize: 64, pid: 0
   unique: 195, success, outsize: 16
unique: 196, opcode: LOOKUP (1), nodeid: 1, insize: 45, pid: 36966
issymlink: 1 is not a symbolic link
getfile 0000000000000001
getfile 0000000000000001 -> sz 15301
getattr 00000000000000fd 0
issymlink: 253 is not a symbolic link
getdir 00000000000000fd
   getattr -> 0 398144118 398144118
   unique: 196, success, outsize: 144
unique: 197, opcode: LOOKUP (1), nodeid: 253, insize: 43, pid: 36966
issymlink: 253 is not a symbolic link
getfile 00000000000000fd
getfile 00000000000000fd -> sz 13
isfile: 255 is a file
getattr 00000000000000ff 1
isfile: 255 is a file
getfile 00000000000000ff
getfile 00000000000000ff -> sz 3
   getattr -> 3
   unique: 197, success, outsize: 144
unique: 198, opcode: UNLINK (10), nodeid: 253, insize: 43, pid: 36966
issymlink: 253 is not a symbolic link
getfile 00000000000000fd
getfile 00000000000000fd -> sz 13
   unique: 198, success, outsize: 16
unique: 199, opcode: FORGET (2), nodeid: 255, insize: 48, pid: 0
unique: 200, opcode: LOOKUP (1), nodeid: 1, insize: 45, pid: 36966
issymlink: 1 is not a symbolic link
getfile 0000000000000001
getfile 0000000000000001 -> sz 15301
getattr 00000000000000fd 0
issymlink: 253 is not a symbolic link
getdir 00000000000000fd
   getattr -> 0 454169703 454169703
   unique: 200, success, outsize: 144
unique: 201, opcode: OPENDIR (27), nodeid: 253, insize: 48, pid: 36966
   unique: 201, success, outsize: 32
unique: 202, opcode: GETATTR (3), nodeid: 253, insize: 56, pid: 36966
getattr 00000000000000fd 0
issymlink: 253 is not a symbolic link
getdir 00000000000000fd
   getattr -> 0 454169703 454169703
   unique: 202, success, outsize: 120
unique: 203, opcode: READDIR (28), nodeid: 253, insize: 80, pid: 36966
fuseserver_readdir
issymlink: 253 is not a symbolic link
issymlink: 253 is not a symbolic link
getfile 00000000000000fd
getfile 00000000000000fd -> sz 7
   unique: 203, success, outsize: 16
unique: 204, opcode: RELEASEDIR (29), nodeid: 253, insize: 64, pid: 0
   unique: 204, success, outsize: 16
unique: 205, opcode: LOOKUP (1), nodeid: 1, insize: 45, pid: 36966
issymlink: 1 is not a symbolic link
getfile 0000000000000001
getfile 0000000000000001 -> sz 15301
getattr 00000000000000fd 0
issymlink: 253 is not a symbolic link
getdir 00000000000000fd
   getattr -> 0 582035919 582035919
   unique: 205, success, outsize: 144
unique: 206, opcode: LOOKUP (1), nodeid: 253, insize: 45, pid: 36966
issymlink: 253 is not a symbolic link
getfile 00000000000000fd
getfile 00000000000000fd -> sz 97
   unique: 206, error: -2 (No such file or directory), outsize: 16
unique: 207, opcode: CREATE (35), nodeid: 253, insize: 61, pid: 36966
issymlink: 253 is not a symbolic link
getfile 00000000000000fd
getfile 00000000000000fd -> sz 97
getfile 00000000000000fd
getfile 00000000000000fd -> sz 97
isfile: 264 is a file
getattr 0000000000000108 1
isfile: 264 is a file
getfile 0000000000000108
getfile 0000000000000108 -> sz 0
   getattr -> 0
   unique: 207, success, outsize: 160
OK: create returns.
unique: 208, opcode: WRITE (16), nodeid: 264, insize: 84, pid: 36966
   unique: 208, success, outsize: 24
unique: 209, opcode: RELEASE (18), nodeid: 264, insize: 64, pid: 0
   unique: 209, success, outsize: 16
unique: 210, opcode: LOOKUP (1), nodeid: 1, insize: 45, pid: 36966
issymlink: 1 is not a symbolic link
getfile 0000000000000001
getfile 0000000000000001 -> sz 15301
getattr 00000000000000fd 0
issymlink: 253 is not a symbolic link
getdir 00000000000000fd
   getattr -> 0 611608579 611608579
   unique: 210, success, outsize: 144
unique: 211, opcode: LOOKUP (1), nodeid: 253, insize: 45, pid: 36966
issymlink: 253 is not a symbolic link
getfile 00000000000000fd
getfile 00000000000000fd -> sz 106
   unique: 211, error: -2 (No such file or directory), outsize: 16
unique: 212, opcode: CREATE (35), nodeid: 253, insize: 61, pid: 36966
issymlink: 253 is not a symbolic link
getfile 00000000000000fd
getfile 00000000000000fd -> sz 106
getfile 00000000000000fd
getfile 00000000000000fd -> sz 106
isfile: 265 is a file
getattr 0000000000000109 1
isfile: 265 is a file
getfile 0000000000000109
getfile 0000000000000109 -> sz 0
   getattr -> 0
   unique: 212, success, outsize: 160
OK: create returns.
unique: 213, opcode: WRITE (16), nodeid: 265, insize: 84, pid: 36966
   unique: 213, success, outsize: 24
unique: 214, opcode: RELEASE (18), nodeid: 265, insize: 64, pid: 0
   unique: 214, success, outsize: 16
unique: 215, opcode: LOOKUP (1), nodeid: 1, insize: 45, pid: 36966
issymlink: 1 is not a symbolic link
getfile 0000000000000001
getfile 0000000000000001 -> sz 15301
getattr 00000000000000fd 0
issymlink: 253 is not a symbolic link
getdir 00000000000000fd
   getattr -> 0 634872229 634872229
   unique: 215, success, outsize: 144
unique: 216, opcode: LOOKUP (1), nodeid: 253, insize: 45, pid: 36966
issymlink: 253 is not a symbolic link
getfile 00000000000000fd
getfile 00000000000000fd -> sz 115
   unique: 216, error: -2 (No such file or directory), outsize: 16
unique: 217, opcode: CREATE (35), nodeid: 253, insize: 61, pid: 36966
issymlink: 253 is not a symbolic link
getfile 00000000000000fd
getfile 00000000000000fd -> sz 115
getfile 00000000000000fd
getfile 00000000000000fd -> sz 115
isfile: 266 is a file
getattr 000000000000010a 1
isfile: 266 is a file
getfile 000000000000010a
getfile 000000000000010a -> sz 0
   getattr -> 0
   unique: 217, success, outsize: 160
OK: create returns.
unique: 218, opcode: WRITE (16), nodeid: 266, insize: 84, pid: 36966
   unique: 218, success, outsize: 24
unique: 219, opcode: RELEASE (18), nodeid: 266, insize: 64, pid: 0
   unique: 219, success, outsize: 16
unique: 220, opcode: LOOKUP (1), nodeid: 1, insize: 45, pid: 36966
issymlink: 1 is not a symbolic link
getfile 0000000000000001
getfile 0000000000000001 -> sz 15301
getattr 00000000000000fd 0
issymlink: 253 is not a symbolic link
getdir 00000000000000fd
   getattr -> 0 650743973 650743973
   unique: 220, success, outsize: 144
unique: 221, opcode: LOOKUP (1), nodeid: 253, insize: 45, pid: 36966
issymlink: 253 is not a symbolic link
getfile 00000000000000fd
getfile 00000000000000fd -> sz 124
   unique: 221, error: -2 (No such file or directory), outsize: 16
unique: 222, opcode: CREATE (35), nodeid: 253, insize: 61, pid: 36966
issymlink: 253 is not a symbolic link
getfile 00000000000000fd
getfile 00000000000000fd -> sz 124
getfile 00000000000000fd
getfile 00000000000000fd -> sz 124
isfile: 267 is a file
getattr 000000000000010b 1
isfile: 267 is a file
getfile 000000000000010b
getfile 000000000000010b -> sz 0
   getattr -> 0
   unique: 222, success, outsize: 160
OK: create returns.
unique: 223, opcode: WRITE (16), nodeid: 267, insize: 84, pid: 36966
   unique: 223, success, outsize: 24
unique: 224, opcode: RELEASE (18), nodeid: 267, insize: 64, pid: 0
   unique: 224, success, outsize: 16
unique: 225, opcode: LOOKUP (1), nodeid: 1, insize: 45, pid: 36966
issymlink: 1 is not a symbolic link
getfile 0000000000000001
getfile 0000000000000001 -> sz 15301
getattr 00000000000000fd 0
issymlink: 253 is not a symbolic link
getdir 00000000000000fd
   getattr -> 0 660644763 660644763
   unique: 225, success, outsize: 144
unique: 226, opcode: LOOKUP (1), nodeid: 253, insize: 45, pid: 36966
issymlink: 253 is not a symbolic link
getfile 00000000000000fd
getfile 00000000000000fd -> sz 133
   unique: 226, error: -2 (No such file or directory), outsize: 16
unique: 227, opcode: CREATE (35), nodeid: 253, insize: 61, pid: 36966
issymlink: 253 is not a symbolic link
getfile 00000000000000fd
getfile 00000000000000fd -> sz 133
getfile 00000000000000fd
getfile 00000000000000fd -> sz 133
isfile: 268 is a file
getattr 000000000000010c 1
isfile: 268 is a file
getfile 000000000000010c
getfile 000000000000010c -> sz 0
   getattr -> 0
   unique: 227, success, outsize: 160
OK: create returns.
unique: 228, opcode: WRITE (16), nodeid: 268, insize: 84, pid: 36966
   unique: 228, success, outsize: 24
unique: 229, opcode: RELEASE (18), nodeid: 268, insize: 64, pid: 0
   unique: 229, success, outsize: 16
unique: 230, opcode: LOOKUP (1), nodeid: 1, insize: 45, pid: 36966
issymlink: 1 is not a symbolic link
getfile 0000000000000001
getfile 0000000000000001 -> sz 15301
getattr 00000000000000fd 0
issymlink: 253 is not a symbolic link
getdir 00000000000000fd
   getattr -> 0 667246135 667246135
   unique: 230, success, outsize: 144
unique: 231, opcode: LOOKUP (1), nodeid: 253, insize: 45, pid: 36966
issymlink: 253 is not a symbolic link
getfile 00000000000000fd
getfile 00000000000000fd -> sz 142
   unique: 231, error: -2 (No such file or directory), outsize: 16
unique: 232, opcode: CREATE (35), nodeid: 253, insize: 61, pid: 36966
issymlink: 253 is not a symbolic link
getfile 00000000000000fd
getfile 00000000000000fd -> sz 142
getfile 00000000000000fd
getfile 00000000000000fd -> sz 142
isfile: 269 is a file
getattr 000000000000010d 1
isfile: 269 is a file
getfile 000000000000010d
getfile 000000000000010d -> sz 0
   getattr -> 0
   unique: 232, success, outsize: 160
OK: create returns.
unique: 233, opcode: WRITE (16), nodeid: 269, insize: 84, pid: 36966
   unique: 233, success, outsize: 24
unique: 234, opcode: RELEASE (18), nodeid: 269, insize: 64, pid: 0
   unique: 234, success, outsize: 16
unique: 235, opcode: LOOKUP (1), nodeid: 1, insize: 45, pid: 36966
issymlink: 1 is not a symbolic link
getfile 0000000000000001
getfile 0000000000000001 -> sz 15301
getattr 00000000000000fd 0
issymlink: 253 is not a symbolic link
getdir 00000000000000fd
   getattr -> 0 673165737 673165737
   unique: 235, success, outsize: 144
unique: 236, opcode: LOOKUP (1), nodeid: 253, insize: 45, pid: 36966
issymlink: 253 is not a symbolic link
getfile 00000000000000fd
getfile 00000000000000fd -> sz 151
   unique: 236, error: -2 (No such file or directory), outsize: 16
unique: 237, opcode: CREATE (35), nodeid: 253, insize: 61, pid: 36966
issymlink: 253 is not a symbolic link
getfile 00000000000000fd
getfile 00000000000000fd -> sz 151
getfile 00000000000000fd
getfile 00000000000000fd -> sz 151
isfile: 270 is a file
getattr 000000000000010e 1
isfile: 270 is a file
getfile 000000000000010e
getfile 000000000000010e -> sz 0
   getattr -> 0
   unique: 237, success, outsize: 160
OK: create returns.
unique: 238, opcode: WRITE (16), nodeid: 270, insize: 84, pid: 36966
   unique: 238, success, outsize: 24
unique: 239, opcode: RELEASE (18), nodeid: 270, insize: 64, pid: 0
   unique: 239, success, outsize: 16
unique: 240, opcode: LOOKUP (1), nodeid: 1, insize: 45, pid: 36966
issymlink: 1 is not a symbolic link
getfile 0000000000000001
getfile 0000000000000001 -> sz 15301
getattr 00000000000000fd 0
issymlink: 253 is not a symbolic link
getdir 00000000000000fd
   getattr -> 0 678528946 678528946
   unique: 240, success, outsize: 144
unique: 241, opcode: LOOKUP (1), nodeid: 253, insize: 45, pid: 36966
issymlink: 253 is not a symbolic link
getfile 00000000000000fd
getfile 00000000000000fd -> sz 160
   unique: 241, error: -2 (No such file or directory), outsize: 16
unique: 242, opcode: CREATE (35), nodeid: 253, insize: 61, pid: 36966
issymlink: 253 is not a symbolic link
getfile 00000000000000fd
getfile 00000000000000fd -> sz 160
getfile 00000000000000fd
getfile 00000000000000fd -> sz 160
isfile: 271 is a file
getattr 000000000000010f 1
isfile: 271 is a file
getfile 000000000000010f
getfile 000000000000010f -> sz 0
   getattr -> 0
   unique: 242, success, outsize: 160
OK: create returns.
unique: 243, opcode: WRITE (16), nodeid: 271, insize: 84, pid: 36966
   unique: 243, success, outsize: 24
unique: 244, opcode: RELEASE (18), nodeid: 271, insize: 64, pid: 0
   unique: 244, success, outsize: 16
unique: 245, opcode: LOOKUP (1), nodeid: 1, insize: 45, pid: 36966
issymlink: 1 is not a symbolic link
getfile 0000000000000001
getfile 0000000000000001 -> sz 15301
getattr 00000000000000fd 0
issymlink: 253 is not a symbolic link
getdir 00000000000000fd
   getattr -> 0 683788075 683788075
   unique: 245, success, outsize: 144
unique: 246, opcode: LOOKUP (1), nodeid: 253, insize: 45, pid: 36966
issymlink: 253 is not a symbolic link
getfile 00000000000000fd
getfile 00000000000000fd -> sz 169
   unique: 246, error: -2 (No such file or directory), outsize: 16
unique: 247, opcode: CREATE (35), nodeid: 253, insize: 61, pid: 36966
issymlink: 253 is not a symbolic link
getfile 00000000000000fd
getfile 00000000000000fd -> sz 169
getfile 00000000000000fd
getfile 00000000000000fd -> sz 169
isfile: 272 is a file
getattr 0000000000000110 1
isfile: 272 is a file
getfile 0000000000000110
getfile 0000000000000110 -> sz 0
   getattr -> 0
   unique: 247, success, outsize: 160
OK: create returns.
unique: 248, opcode: WRITE (16), nodeid: 272, insize: 84, pid: 36966
   unique: 248, success, outsize: 24
unique: 249, opcode: RELEASE (18), nodeid: 272, insize: 64, pid: 0
   unique: 249, success, outsize: 16
unique: 250, opcode: LOOKUP (1), nodeid: 1, insize: 45, pid: 36966
issymlink: 1 is not a symbolic link
getfile 0000000000000001
getfile 0000000000000001 -> sz 15301
getattr 00000000000000fd 0
issymlink: 253 is not a symbolic link
getdir 00000000000000fd
   getattr -> 0 689394764 689394764
   unique: 250, success, outsize: 144
unique: 251, opcode: LOOKUP (1), nodeid: 253, insize: 45, pid: 36966
issymlink: 253 is not a symbolic link
getfile 00000000000000fd
getfile 00000000000000fd -> sz 178
   unique: 251, error: -2 (No such file or directory), outsize: 16
unique: 252, opcode: CREATE (35), nodeid: 253, insize: 61, pid: 36966
issymlink: 253 is not a symbolic link
getfile 00000000000000fd
getfile 00000000000000fd -> sz 178
getfile 00000000000000fd
getfile 00000000000000fd -> sz 178
isfile: 273 is a file
getattr 0000000000000111 1
isfile: 273 is a file
getfile 0000000000000111
getfile 0000000000000111 -> sz 0
   getattr -> 0
   unique: 252, success, outsize: 160
OK: create returns.
unique: 253, opcode: WRITE (16), nodeid: 273, insize: 84, pid: 36966
   unique: 253, success, outsize: 24
unique: 254, opcode: RELEASE (18), nodeid: 273, insize: 64, pid: 0
   unique: 254, success, outsize: 16
unique: 255, opcode: LOOKUP (1), nodeid: 1, insize: 45, pid: 36966
issymlink: 1 is not a symbolic link
getfile 0000000000000001
getfile 0000000000000001 -> sz 15301
getattr 00000000000000fd 0
issymlink: 253 is not a symbolic link
getdir 00000000000000fd
   getattr -> 0 693795320 693795320
   unique: 255, success, outsize: 144
unique: 256, opcode: OPENDIR (27), nodeid: 253, insize: 48, pid: 36966
   unique: 256, success, outsize: 32
unique: 257, opcode: GETATTR (3), nodeid: 253, insize: 56, pid: 36966
getattr 00000000000000fd 0
issymlink: 253 is not a symbolic link
getdir 00000000000000fd
   getattr -> 0 693795320 693795320
   unique: 257, success, outsize: 120
unique: 258, opcode: READDIR (28), nodeid: 253, insize: 80, pid: 36966
fuseserver_readdir
issymlink: 253 is not a symbolic link
issymlink: 253 is not a symbolic link
getfile 00000000000000fd
getfile 00000000000000fd -> sz 187
   unique: 258, success, outsize: 656
unique: 259, opcode: READDIR (28), nodeid: 253, insize: 80, pid: 36966
fuseserver_readdir
issymlink: 253 is not a symbolic link
issymlink: 253 is not a symbolic link
getfile 00000000000000fd
getfile 00000000000000fd -> sz 187
   unique: 259, success, outsize: 16
unique: 260, opcode: RELEASEDIR (29), nodeid: 253, insize: 64, pid: 0
   unique: 260, success, outsize: 16
unique: 261, opcode: LOOKUP (1), nodeid: 1, insize: 45, pid: 36966
issymlink: 1 is not a symbolic link
getfile 0000000000000001
getfile 0000000000000001 -> sz 15301
getattr 00000000000000fd 0
issymlink: 253 is not a symbolic link
getdir 00000000000000fd
   getattr -> 0 693795320 693795320
   unique: 261, success, outsize: 144
unique: 262, opcode: LOOKUP (1), nodeid: 253, insize: 45, pid: 36966
issymlink: 253 is not a symbolic link
getfile 00000000000000fd
getfile 00000000000000fd -> sz 187
isfile: 264 is a file
getattr 0000000000000108 1
isfile: 264 is a file
getfile 0000000000000108
getfile 0000000000000108 -> sz 4
   getattr -> 4
   unique: 262, success, outsize: 144
unique: 263, opcode: OPEN (14), nodeid: 264, insize: 48, pid: 36966
   unique: 263, success, outsize: 32
unique: 264, opcode: READ (15), nodeid: 264, insize: 80, pid: 36966
   unique: 264, success, outsize: 20
unique: 265, opcode: RELEASE (18), nodeid: 264, insize: 64, pid: 0
   unique: 265, success, outsize: 16
unique: 266, opcode: LOOKUP (1), nodeid: 1, insize: 45, pid: 36966
issymlink: 1 is not a symbolic link
getfile 0000000000000001
getfile 0000000000000001 -> sz 15301
getattr 00000000000000fd 0
issymlink: 253 is not a symbolic link
getdir 00000000000000fd
   getattr -> 0 693795320 693795320
   unique: 266, success, outsize: 144
unique: 267, opcode: LOOKUP (1), nodeid: 253, insize: 45, pid: 36966
issymlink: 253 is not a symbolic link
getfile 00000000000000fd
getfile 00000000000000fd -> sz 187
isfile: 265 is a file
getattr 0000000000000109 1
isfile: 265 is a file
getfile 0000000000000109
getfile 0000000000000109 -> sz 4
   getattr -> 4
   unique: 267, success, outsize: 144
unique: 268, opcode: OPEN (14), nodeid: 265, insize: 48, pid: 36966
   unique: 268, success, outsize: 32
unique: 269, opcode: READ (15), nodeid: 265, insize: 80, pid: 36966
   unique: 269, success, outsize: 20
unique: 270, opcode: RELEASE (18), nodeid: 265, insize: 64, pid: 0
   unique: 270, success, outsize: 16
unique: 271, opcode: LOOKUP (1), nodeid: 1, insize: 45, pid: 36966
issymlink: 1 is not a symbolic link
getfile 0000000000000001
getfile 0000000000000001 -> sz 15301
getattr 00000000000000fd 0
issymlink: 253 is not a symbolic link
getdir 00000000000000fd
   getattr -> 0 693795320 693795320
   unique: 271, success, outsize: 144
unique: 272, opcode: LOOKUP (1), nodeid: 253, insize: 45, pid: 36966
issymlink: 253 is not a symbolic link
getfile 00000000000000fd
getfile 00000000000000fd -> sz 187
isfile: 266 is a file
getattr 000000000000010a 1
isfile: 266 is a file
getfile 000000000000010a
getfile 000000000000010a -> sz 4
   getattr -> 4
   unique: 272, success, outsize: 144
unique: 273, opcode: OPEN (14), nodeid: 266, insize: 48, pid: 36966
   unique: 273, success, outsize: 32
unique: 274, opcode: READ (15), nodeid: 266, insize: 80, pid: 36966
   unique: 274, success, outsize: 20
unique: 275, opcode: RELEASE (18), nodeid: 266, insize: 64, pid: 0
   unique: 275, success, outsize: 16
unique: 276, opcode: LOOKUP (1), nodeid: 1, insize: 45, pid: 36966
issymlink: 1 is not a symbolic link
getfile 0000000000000001
getfile 0000000000000001 -> sz 15301
getattr 00000000000000fd 0
issymlink: 253 is not a symbolic link
getdir 00000000000000fd
   getattr -> 0 693795320 693795320
   unique: 276, success, outsize: 144
unique: 277, opcode: LOOKUP (1), nodeid: 253, insize: 45, pid: 36966
issymlink: 253 is not a symbolic link
getfile 00000000000000fd
getfile 00000000000000fd -> sz 187
isfile: 267 is a file
getattr 000000000000010b 1
isfile: 267 is a file
getfile 000000000000010b
getfile 000000000000010b -> sz 4
   getattr -> 4
   unique: 277, success, outsize: 144
unique: 278, opcode: OPEN (14), nodeid: 267, insize: 48, pid: 36966
   unique: 278, success, outsize: 32
unique: 279, opcode: READ (15), nodeid: 267, insize: 80, pid: 36966
   unique: 279, success, outsize: 20
unique: 280, opcode: RELEASE (18), nodeid: 267, insize: 64, pid: 0
   unique: 280, success, outsize: 16
unique: 281, opcode: LOOKUP (1), nodeid: 1, insize: 45, pid: 36966
issymlink: 1 is not a symbolic link
getfile 0000000000000001
getfile 0000000000000001 -> sz 15301
getattr 00000000000000fd 0
issymlink: 253 is not a symbolic link
getdir 00000000000000fd
   getattr -> 0 693795320 693795320
   unique: 281, success, outsize: 144
unique: 282, opcode: LOOKUP (1), nodeid: 253, insize: 45, pid: 36966
issymlink: 253 is not a symbolic link
getfile 00000000000000fd
getfile 00000000000000fd -> sz 187
isfile: 268 is a file
getattr 000000000000010c 1
isfile: 268 is a file
getfile 000000000000010c
getfile 000000000000010c -> sz 4
   getattr -> 4
   unique: 282, success, outsize: 144
unique: 283, opcode: OPEN (14), nodeid: 268, insize: 48, pid: 36966
   unique: 283, success, outsize: 32
unique: 284, opcode: READ (15), nodeid: 268, insize: 80, pid: 36966
   unique: 284, success, outsize: 20
unique: 285, opcode: RELEASE (18), nodeid: 268, insize: 64, pid: 0
   unique: 285, success, outsize: 16
unique: 286, opcode: LOOKUP (1), nodeid: 1, insize: 45, pid: 36966
issymlink: 1 is not a symbolic link
getfile 0000000000000001
getfile 0000000000000001 -> sz 15301
getattr 00000000000000fd 0
issymlink: 253 is not a symbolic link
getdir 00000000000000fd
   getattr -> 0 693795320 693795320
   unique: 286, success, outsize: 144
unique: 287, opcode: LOOKUP (1), nodeid: 253, insize: 45, pid: 36966
issymlink: 253 is not a symbolic link
getfile 00000000000000fd
getfile 00000000000000fd -> sz 187
isfile: 269 is a file
getattr 000000000000010d 1
isfile: 269 is a file
getfile 000000000000010d
getfile 000000000000010d -> sz 4
   getattr -> 4
   unique: 287, success, outsize: 144
unique: 288, opcode: OPEN (14), nodeid: 269, insize: 48, pid: 36966
   unique: 288, success, outsize: 32
unique: 289, opcode: READ (15), nodeid: 269, insize: 80, pid: 36966
   unique: 289, success, outsize: 20
unique: 290, opcode: RELEASE (18), nodeid: 269, insize: 64, pid: 0
   unique: 290, success, outsize: 16
unique: 291, opcode: LOOKUP (1), nodeid: 1, insize: 45, pid: 36966
issymlink: 1 is not a symbolic link
getfile 0000000000000001
getfile 0000000000000001 -> sz 15301
getattr 00000000000000fd 0
issymlink: 253 is not a symbolic link
getdir 00000000000000fd
   getattr -> 0 693795320 693795320
   unique: 291, success, outsize: 144
unique: 292, opcode: LOOKUP (1), nodeid: 253, insize: 45, pid: 36966
issymlink: 253 is not a symbolic link
getfile 00000000000000fd
getfile 00000000000000fd -> sz 187
isfile: 270 is a file
getattr 000000000000010e 1
isfile: 270 is a file
getfile 000000000000010e
getfile 000000000000010e -> sz 4
   getattr -> 4
   unique: 292, success, outsize: 144
unique: 293, opcode: OPEN (14), nodeid: 270, insize: 48, pid: 36966
   unique: 293, success, outsize: 32
unique: 294, opcode: READ (15), nodeid: 270, insize: 80, pid: 36966
   unique: 294, success, outsize: 20
unique: 295, opcode: RELEASE (18), nodeid: 270, insize: 64, pid: 0
   unique: 295, success, outsize: 16
unique: 296, opcode: LOOKUP (1), nodeid: 1, insize: 45, pid: 36966
issymlink: 1 is not a symbolic link
getfile 0000000000000001
getfile 0000000000000001 -> sz 15301
getattr 00000000000000fd 0
issymlink: 253 is not a symbolic link
getdir 00000000000000fd
   getattr -> 0 693795320 693795320
   unique: 296, success, outsize: 144
unique: 297, opcode: LOOKUP (1), nodeid: 253, insize: 45, pid: 36966
issymlink: 253 is not a symbolic link
getfile 00000000000000fd
getfile 00000000000000fd -> sz 187
isfile: 271 is a file
getattr 000000000000010f 1
isfile: 271 is a file
getfile 000000000000010f
getfile 000000000000010f -> sz 4
   getattr -> 4
   unique: 297, success, outsize: 144
unique: 298, opcode: OPEN (14), nodeid: 271, insize: 48, pid: 36966
   unique: 298, success, outsize: 32
unique: 299, opcode: READ (15), nodeid: 271, insize: 80, pid: 36966
   unique: 299, success, outsize: 20
unique: 300, opcode: RELEASE (18), nodeid: 271, insize: 64, pid: 0
   unique: 300, success, outsize: 16
unique: 301, opcode: LOOKUP (1), nodeid: 1, insize: 45, pid: 36966
issymlink: 1 is not a symbolic link
getfile 0000000000000001
getfile 0000000000000001 -> sz 15301
getattr 00000000000000fd 0
issymlink: 253 is not a symbolic link
getdir 00000000000000fd
   getattr -> 0 693795320 693795320
   unique: 301, success, outsize: 144
unique: 302, opcode: LOOKUP (1), nodeid: 253, insize: 45, pid: 36966
issymlink: 253 is not a symbolic link
getfile 00000000000000fd
getfile 00000000000000fd -> sz 187
isfile: 272 is a file
getattr 0000000000000110 1
isfile: 272 is a file
getfile 0000000000000110
getfile 0000000000000110 -> sz 4
   getattr -> 4
   unique: 302, success, outsize: 144
unique: 303, opcode: OPEN (14), nodeid: 272, insize: 48, pid: 36966
   unique: 303, success, outsize: 32
unique: 304, opcode: READ (15), nodeid: 272, insize: 80, pid: 36966
   unique: 304, success, outsize: 20
unique: 305, opcode: RELEASE (18), nodeid: 272, insize: 64, pid: 0
   unique: 305, success, outsize: 16
unique: 306, opcode: LOOKUP (1), nodeid: 1, insize: 45, pid: 36966
issymlink: 1 is not a symbolic link
getfile 0000000000000001
getfile 0000000000000001 -> sz 15301
getattr 00000000000000fd 0
issymlink: 253 is not a symbolic link
getdir 00000000000000fd
   getattr -> 0 693795320 693795320
   unique: 306, success, outsize: 144
unique: 307, opcode: LOOKUP (1), nodeid: 253, insize: 45, pid: 36966
issymlink: 253 is not a symbolic link
getfile 00000000000000fd
getfile 00000000000000fd -> sz 187
isfile: 273 is a file
getattr 0000000000000111 1
isfile: 273 is a file
getfile 0000000000000111
getfile 0000000000000111 -> sz 4
   getattr -> 4
   unique: 307, success, outsize: 144
unique: 308, opcode: OPEN (14), nodeid: 273, insize: 48, pid: 36966
   unique: 308, success, outsize: 32
unique: 309, opcode: READ (15), nodeid: 273, insize: 80, pid: 36966
   unique: 309, success, outsize: 20
unique: 310, opcode: RELEASE (18), nodeid: 273, insize: 64, pid: 0
   unique: 310, success, outsize: 16
unique: 311, opcode: LOOKUP (1), nodeid: 1, insize: 45, pid: 36966
issymlink: 1 is not a symbolic link
getfile 0000000000000001
getfile 0000000000000001 -> sz 15301
getattr 00000000000000fd 0
issymlink: 253 is not a symbolic link
getdir 00000000000000fd
   getattr -> 0 693795320 693795320
   unique: 311, success, outsize: 144
unique: 312, opcode: LOOKUP (1), nodeid: 253, insize: 45, pid: 36966
issymlink: 253 is not a symbolic link
getfile 00000000000000fd
getfile 00000000000000fd -> sz 187
isfile: 254 is a file
getattr 00000000000000fe 1
isfile: 254 is a file
getfile 00000000000000fe
getfile 00000000000000fe -> sz 4
   getattr -> 4
   unique: 312, success, outsize: 144
unique: 313, opcode: OPEN (14), nodeid: 254, insize: 48, pid: 36966
   unique: 313, success, outsize: 32
unique: 314, opcode: READ (15), nodeid: 254, insize: 80, pid: 36966
   unique: 314, success, outsize: 20
unique: 315, opcode: RELEASE (18), nodeid: 254, insize: 64, pid: 0
   unique: 315, success, outsize: 16
unique: 316, opcode: LOOKUP (1), nodeid: 1, insize: 45, pid: 36966
issymlink: 1 is not a symbolic link
getfile 0000000000000001
getfile 0000000000000001 -> sz 15301
getattr 00000000000000fd 0
issymlink: 253 is not a symbolic link
getdir 00000000000000fd
   getattr -> 0 693795320 693795320
   unique: 316, success, outsize: 144
unique: 317, opcode: LOOKUP (1), nodeid: 253, insize: 45, pid: 36966
issymlink: 253 is not a symbolic link
getfile 00000000000000fd
getfile 00000000000000fd -> sz 187
isfile: 255 is a file
getattr 00000000000000ff 1
isfile: 255 is a file
getfile 00000000000000ff
getfile 00000000000000ff -> sz 4
   getattr -> 4
   unique: 317, success, outsize: 144
unique: 318, opcode: OPEN (14), nodeid: 255, insize: 48, pid: 36966
   unique: 318, success, outsize: 32
unique: 319, opcode: READ (15), nodeid: 255, insize: 80, pid: 36966
   unique: 319, success, outsize: 20
unique: 320, opcode: RELEASE (18), nodeid: 255, insize: 64, pid: 0
   unique: 320, success, outsize: 16
unique: 321, opcode: LOOKUP (1), nodeid: 1, insize: 45, pid: 36966
issymlink: 1 is not a symbolic link
getfile 0000000000000001
getfile 0000000000000001 -> sz 15301
getattr 00000000000000fd 0
issymlink: 253 is not a symbolic link
getdir 00000000000000fd
   getattr -> 0 693795320 693795320
   unique: 321, success, outsize: 144
unique: 322, opcode: LOOKUP (1), nodeid: 253, insize: 45, pid: 36966
issymlink: 253 is not a symbolic link
getfile 00000000000000fd
getfile 00000000000000fd -> sz 187
isfile: 256 is a file
getattr 0000000000000100 1
isfile: 256 is a file
getfile 0000000000000100
getfile 0000000000000100 -> sz 4
   getattr -> 4
   unique: 322, success, outsize: 144
unique: 323, opcode: OPEN (14), nodeid: 256, insize: 48, pid: 36966
   unique: 323, success, outsize: 32
unique: 324, opcode: READ (15), nodeid: 256, insize: 80, pid: 36966
   unique: 324, success, outsize: 20
unique: 325, opcode: RELEASE (18), nodeid: 256, insize: 64, pid: 0
   unique: 325, success, outsize: 16
unique: 326, opcode: LOOKUP (1), nodeid: 1, insize: 45, pid: 36966
issymlink: 1 is not a symbolic link
getfile 0000000000000001
getfile 0000000000000001 -> sz 15301
getattr 00000000000000fd 0
issymlink: 253 is not a symbolic link
getdir 00000000000000fd
   getattr -> 0 693795320 693795320
   unique: 326, success, outsize: 144
unique: 327, opcode: LOOKUP (1), nodeid: 253, insize: 45, pid: 36966
issymlink: 253 is not a symbolic link
getfile 00000000000000fd
getfile 00000000000000fd -> sz 187
isfile: 257 is a file
getattr 0000000000000101 1
isfile: 257 is a file
getfile 0000000000000101
getfile 0000000000000101 -> sz 4
   getattr -> 4
   unique: 327, success, outsize: 144
unique: 328, opcode: OPEN (14), nodeid: 257, insize: 48, pid: 36966
   unique: 328, success, outsize: 32
unique: 329, opcode: READ (15), nodeid: 257, insize: 80, pid: 36966
   unique: 329, success, outsize: 20
unique: 330, opcode: RELEASE (18), nodeid: 257, insize: 64, pid: 0
   unique: 330, success, outsize: 16
unique: 331, opcode: LOOKUP (1), nodeid: 1, insize: 45, pid: 36966
issymlink: 1 is not a symbolic link
getfile 0000000000000001
getfile 0000000000000001 -> sz 15301
getattr 00000000000000fd 0
issymlink: 253 is not a symbolic link
getdir 00000000000000fd
   getattr -> 0 693795320 693795320
   unique: 331, success, outsize: 144
unique: 332, opcode: LOOKUP (1), nodeid: 253, insize: 45, pid: 36966
issymlink: 253 is not a symbolic link
getfile 00000000000000fd
getfile 00000000000000fd -> sz 187
isfile: 258 is a file
getattr 0000000000000102 1
isfile: 258 is a file
getfile 0000000000000102
getfile 0000000000000102 -> sz 4
   getattr -> 4
   unique: 332, success, outsize: 144
unique: 333, opcode: OPEN (14), nodeid: 258, insize: 48, pid: 36966
   unique: 333, success, outsize: 32
unique: 334, opcode: READ (15), nodeid: 258, insize: 80, pid: 36966
   unique: 334, success, outsize: 20
unique: 335, opcode: RELEASE (18), nodeid: 258, insize: 64, pid: 0
   unique: 335, success, outsize: 16
unique: 336, opcode: LOOKUP (1), nodeid: 1, insize: 45, pid: 36966
issymlink: 1 is not a symbolic link
getfile 0000000000000001
getfile 0000000000000001 -> sz 15301
getattr 00000000000000fd 0
issymlink: 253 is not a symbolic link
getdir 00000000000000fd
   getattr -> 0 693795320 693795320
   unique: 336, success, outsize: 144
unique: 337, opcode: LOOKUP (1), nodeid: 253, insize: 45, pid: 36966
issymlink: 253 is not a symbolic link
getfile 00000000000000fd
getfile 00000000000000fd -> sz 187
isfile: 259 is a file
getattr 0000000000000103 1
isfile: 259 is a file
getfile 0000000000000103
getfile 0000000000000103 -> sz 4
   getattr -> 4
   unique: 337, success, outsize: 144
unique: 338, opcode: OPEN (14), nodeid: 259, insize: 48, pid: 36966
   unique: 338, success, outsize: 32
unique: 339, opcode: READ (15), nodeid: 259, insize: 80, pid: 36966
   unique: 339, success, outsize: 20
unique: 340, opcode: RELEASE (18), nodeid: 259, insize: 64, pid: 0
   unique: 340, success, outsize: 16
unique: 341, opcode: LOOKUP (1), nodeid: 1, insize: 45, pid: 36966
issymlink: 1 is not a symbolic link
getfile 0000000000000001
getfile 0000000000000001 -> sz 15301
getattr 00000000000000fd 0
issymlink: 253 is not a symbolic link
getdir 00000000000000fd
   getattr -> 0 693795320 693795320
   unique: 341, success, outsize: 144
unique: 342, opcode: LOOKUP (1), nodeid: 253, insize: 45, pid: 36966
issymlink: 253 is not a symbolic link
getfile 00000000000000fd
getfile 00000000000000fd -> sz 187
isfile: 260 is a file
getattr 0000000000000104 1
isfile: 260 is a file
getfile 0000000000000104
getfile 0000000000000104 -> sz 4
   getattr -> 4
   unique: 342, success, outsize: 144
unique: 343, opcode: OPEN (14), nodeid: 260, insize: 48, pid: 36966
   unique: 343, success, outsize: 32
unique: 344, opcode: READ (15), nodeid: 260, insize: 80, pid: 36966
   unique: 344, success, outsize: 20
unique: 345, opcode: RELEASE (18), nodeid: 260, insize: 64, pid: 0
   unique: 345, success, outsize: 16
unique: 346, opcode: LOOKUP (1), nodeid: 1, insize: 45, pid: 36966
issymlink: 1 is not a symbolic link
getfile 0000000000000001
getfile 0000000000000001 -> sz 15301
getattr 00000000000000fd 0
issymlink: 253 is not a symbolic link
getdir 00000000000000fd
   getattr -> 0 693795320 693795320
   unique: 346, success, outsize: 144
unique: 347, opcode: LOOKUP (1), nodeid: 253, insize: 45, pid: 36966
issymlink: 253 is not a symbolic link
getfile 00000000000000fd
getfile 00000000000000fd -> sz 187
isfile: 261 is a file
getattr 0000000000000105 1
isfile: 261 is a file
getfile 0000000000000105
getfile 0000000000000105 -> sz 4
   getattr -> 4
   unique: 347, success, outsize: 144
unique: 348, opcode: OPEN (14), nodeid: 261, insize: 48, pid: 36966
   unique: 348, success, outsize: 32
unique: 349, opcode: READ (15), nodeid: 261, insize: 80, pid: 36966
   unique: 349, success, outsize: 20
unique: 350, opcode: RELEASE (18), nodeid: 261, insize: 64, pid: 0
   unique: 350, success, outsize: 16
unique: 351, opcode: LOOKUP (1), nodeid: 1, insize: 45, pid: 36966
issymlink: 1 is not a symbolic link
getfile 0000000000000001
getfile 0000000000000001 -> sz 15301
getattr 00000000000000fd 0
issymlink: 253 is not a symbolic link
getdir 00000000000000fd
   getattr -> 0 693795320 693795320
   unique: 351, success, outsize: 144
unique: 352, opcode: LOOKUP (1), nodeid: 253, insize: 45, pid: 36966
issymlink: 253 is not a symbolic link
getfile 00000000000000fd
getfile 00000000000000fd -> sz 187
isfile: 262 is a file
getattr 0000000000000106 1
isfile: 262 is a file
getfile 0000000000000106
getfile 0000000000000106 -> sz 4
   getattr -> 4
   unique: 352, success, outsize: 144
unique: 353, opcode: OPEN (14), nodeid: 262, insize: 48, pid: 36966
   unique: 353, success, outsize: 32
unique: 354, opcode: READ (15), nodeid: 262, insize: 80, pid: 36966
   unique: 354, success, outsize: 20
unique: 355, opcode: RELEASE (18), nodeid: 262, insize: 64, pid: 0
   unique: 355, success, outsize: 16
unique: 356, opcode: LOOKUP (1), nodeid: 1, insize: 45, pid: 36966
issymlink: 1 is not a symbolic link
getfile 0000000000000001
getfile 0000000000000001 -> sz 15301
getattr 00000000000000fd 0
issymlink: 253 is not a symbolic link
getdir 00000000000000fd
   getattr -> 0 693795320 693795320
   unique: 356, success, outsize: 144
unique: 357, opcode: LOOKUP (1), nodeid: 253, insize: 45, pid: 36966
issymlink: 253 is not a symbolic link
getfile 00000000000000fd
getfile 00000000000000fd -> sz 187
isfile: 263 is a file
getattr 0000000000000107 1
isfile: 263 is a file
getfile 0000000000000107
getfile 0000000000000107 -> sz 4
   getattr -> 4
   unique: 357, success, outsize: 144
unique: 358, opcode: OPEN (14), nodeid: 263, insize: 48, pid: 36966
   unique: 358, success, outsize: 32
unique: 359, opcode: READ (15), nodeid: 263, insize: 80, pid: 36966
   unique: 359, success, outsize: 20
unique: 360, opcode: RELEASE (18), nodeid: 263, insize: 64, pid: 0
   unique: 360, success, outsize: 16
unique: 361, opcode: LOOKUP (1), nodeid: 1, insize: 45, pid: 36966
issymlink: 1 is not a symbolic link
getfile 0000000000000001
getfile 0000000000000001 -> sz 15301
getattr 00000000000000fd 0
issymlink: 253 is not a symbolic link
getdir 00000000000000fd
   getattr -> 0 899868750 899868750
   unique: 361, success, outsize: 144
unique: 362, opcode: LOOKUP (1), nodeid: 253, insize: 45, pid: 36966
issymlink: 253 is not a symbolic link
getfile 00000000000000fd
getfile 00000000000000fd -> sz 97
isfile: 264 is a file
getattr 0000000000000108 1
isfile: 264 is a file
getfile 0000000000000108
getfile 0000000000000108 -> sz 4
   getattr -> 4
   unique: 362, success, outsize: 144
unique: 363, opcode: UNLINK (10), nodeid: 253, insize: 45, pid: 36966
issymlink: 253 is not a symbolic link
getfile 00000000000000fd
getfile 00000000000000fd -> sz 97
   unique: 363, success, outsize: 16
unique: 364, opcode: LOOKUP (1), nodeid: 1, insize: 45, pid: 36966
issymlink: 1 is not a symbolic link
getfile 0000000000000001
getfile 0000000000000001 -> sz 15301
getattr 00000000000000fd 0
issymlink: 253 is not a symbolic link
getdir 00000000000000fd
   getattr -> 0 923664393 923664393
   unique: 364, success, outsize: 144
unique: 365, opcode: LOOKUP (1), nodeid: 253, insize: 45, pid: 36966
issymlink: 253 is not a symbolic link
getfile 00000000000000fd
getfile 00000000000000fd -> sz 88
isfile: 265 is a file
getattr 0000000000000109 1
isfile: 265 is a file
getfile 0000000000000109
getfile 0000000000000109 -> sz 4
   getattr -> 4
   unique: 365, success, outsize: 144
unique: 366, opcode: UNLINK (10), nodeid: 253, insize: 45, pid: 36966
issymlink: 253 is not a symbolic link
getfile 00000000000000fd
getfile 00000000000000fd -> sz 88
   unique: 366, success, outsize: 16
unique: 367, opcode: LOOKUP (1), nodeid: 1, insize: 45, pid: 36966
issymlink: 1 is not a symbolic link
getfile 0000000000000001
getfile 0000000000000001 -> sz 15301
getattr 00000000000000fd 0
issymlink: 253 is not a symbolic link
getdir 00000000000000fd
   getattr -> 0 937499769 937499769
   unique: 367, success, outsize: 144
unique: 368, opcode: LOOKUP (1), nodeid: 253, insize: 45, pid: 36966
issymlink: 253 is not a symbolic link
getfile 00000000000000fd
getfile 00000000000000fd -> sz 79
isfile: 266 is a file
getattr 000000000000010a 1
isfile: 266 is a file
getfile 000000000000010a
getfile 000000000000010a -> sz 4
   getattr -> 4
   unique: 368, success, outsize: 144
unique: 369, opcode: UNLINK (10), nodeid: 253, insize: 45, pid: 36966
issymlink: 253 is not a symbolic link
getfile 00000000000000fd
getfile 00000000000000fd -> sz 79
   unique: 369, success, outsize: 16
unique: 370, opcode: LOOKUP (1), nodeid: 1, insize: 45, pid: 36966
issymlink: 1 is not a symbolic link
getfile 0000000000000001
getfile 0000000000000001 -> sz 15301
getattr 00000000000000fd 0
issymlink: 253 is not a symbolic link
getdir 00000000000000fd
   getattr -> 0 950612124 950612124
   unique: 370, success, outsize: 144
unique: 372, opcode: BATCH_FORGET (42), nodeid: 0, insize: 96, pid: 0
unique: 371, opcode: LOOKUP (1), nodeid: 253, insize: 45, pid: 36966
issymlink: 253 is not a symbolic link
getfile 00000000000000fd
getfile 00000000000000fd -> sz 70
isfile: 267 is a file
getattr 000000000000010b 1
isfile: 267 is a file
getfile 000000000000010b
getfile 000000000000010b -> sz 4
   getattr -> 4
   unique: 371, success, outsize: 144
unique: 373, opcode: UNLINK (10), nodeid: 253, insize: 45, pid: 36966
issymlink: 253 is not a symbolic link
getfile 00000000000000fd
getfile 00000000000000fd -> sz 70
   unique: 373, success, outsize: 16
unique: 375, opcode: FORGET (2), nodeid: 267, insize: 48, pid: 0
unique: 374, opcode: LOOKUP (1), nodeid: 1, insize: 45, pid: 36966
issymlink: 1 is not a symbolic link
getfile 0000000000000001
getfile 0000000000000001 -> sz 15301
getattr 00000000000000fd 0
issymlink: 253 is not a symbolic link
getdir 00000000000000fd
   getattr -> 0 961593754 961593754
   unique: 374, success, outsize: 144
unique: 376, opcode: LOOKUP (1), nodeid: 253, insize: 45, pid: 36966
issymlink: 253 is not a symbolic link
getfile 00000000000000fd
getfile 00000000000000fd -> sz 61
isfile: 268 is a file
getattr 000000000000010c 1
isfile: 268 is a file
getfile 000000000000010c
getfile 000000000000010c -> sz 4
   getattr -> 4
   unique: 376, success, outsize: 144
unique: 377, opcode: UNLINK (10), nodeid: 253, insize: 45, pid: 36966
issymlink: 253 is not a symbolic link
getfile 00000000000000fd
getfile 00000000000000fd -> sz 61
   unique: 377, success, outsize: 16
unique: 379, opcode: FORGET (2), nodeid: 268, insize: 48, pid: 0
unique: 378, opcode: LOOKUP (1), nodeid: 1, insize: 45, pid: 36966
issymlink: 1 is not a symbolic link
getfile 0000000000000001
getfile 0000000000000001 -> sz 15301
getattr 00000000000000fd 0
issymlink: 253 is not a symbolic link
getdir 00000000000000fd
   getattr -> 0 968150566 968150566
   unique: 378, success, outsize: 144
unique: 380, opcode: LOOKUP (1), nodeid: 253, insize: 45, pid: 36966
issymlink: 253 is not a symbolic link
getfile 00000000000000fd
getfile 00000000000000fd -> sz 52
isfile: 269 is a file
getattr 000000000000010d 1
isfile: 269 is a file
getfile 000000000000010d
getfile 000000000000010d -> sz 4
   getattr -> 4
   unique: 380, success, outsize: 144
unique: 381, opcode: UNLINK (10), nodeid: 253, insize: 45, pid: 36966
issymlink: 253 is not a symbolic link
getfile 00000000000000fd
getfile 00000000000000fd -> sz 52
   unique: 381, success, outsize: 16
unique: 383, opcode: FORGET (2), nodeid: 269, insize: 48, pid: 0
unique: 382, opcode: LOOKUP (1), nodeid: 1, insize: 45, pid: 36966
issymlink: 1 is not a symbolic link
getfile 0000000000000001
getfile 0000000000000001 -> sz 15301
getattr 00000000000000fd 0
issymlink: 253 is not a symbolic link
getdir 00000000000000fd
   getattr -> 0 974341668 974341668
   unique: 382, success, outsize: 144
unique: 384, opcode: LOOKUP (1), nodeid: 253, insize: 45, pid: 36966
issymlink: 253 is not a symbolic link
getfile 00000000000000fd
getfile 00000000000000fd -> sz 43
isfile: 270 is a file
getattr 000000000000010e 1
isfile: 270 is a file
getfile 000000000000010e
getfile 000000000000010e -> sz 4
   getattr -> 4
   unique: 384, success, outsize: 144
unique: 385, opcode: UNLINK (10), nodeid: 253, insize: 45, pid: 36966
issymlink: 253 is not a symbolic link
getfile 00000000000000fd
getfile 00000000000000fd -> sz 43
   unique: 385, success, outsize: 16
unique: 387, opcode: FORGET (2), nodeid: 270, insize: 48, pid: 0
unique: 386, opcode: LOOKUP (1), nodeid: 1, insize: 45, pid: 36966
issymlink: 1 is not a symbolic link
getfile 0000000000000001
getfile 0000000000000001 -> sz 15301
getattr 00000000000000fd 0
issymlink: 253 is not a symbolic link
getdir 00000000000000fd
   getattr -> 0 84964826 84964826
   unique: 386, success, outsize: 144
unique: 388, opcode: LOOKUP (1), nodeid: 253, insize: 45, pid: 36966
issymlink: 253 is not a symbolic link
getfile 00000000000000fd
getfile 00000000000000fd -> sz 34
isfile: 271 is a file
getattr 000000000000010f 1
isfile: 271 is a file
getfile 000000000000010f
getfile 000000000000010f -> sz 4
   getattr -> 4
   unique: 388, success, outsize: 144
unique: 389, opcode: UNLINK (10), nodeid: 253, insize: 45, pid: 36966
issymlink: 253 is not a symbolic link
getfile 00000000000000fd
getfile 00000000000000fd -> sz 34
   unique: 389, success, outsize: 16
unique: 391, opcode: FORGET (2), nodeid: 271, insize: 48, pid: 0
unique: 390, opcode: LOOKUP (1), nodeid: 1, insize: 45, pid: 36966
issymlink: 1 is not a symbolic link
getfile 0000000000000001
getfile 0000000000000001 -> sz 15301
getattr 00000000000000fd 0
issymlink: 253 is not a symbolic link
getdir 00000000000000fd
   getattr -> 0 102427793 102427793
   unique: 390, success, outsize: 144
unique: 392, opcode: LOOKUP (1), nodeid: 253, insize: 45, pid: 36966
issymlink: 253 is not a symbolic link
getfile 00000000000000fd
getfile 00000000000000fd -> sz 25
isfile: 272 is a file
getattr 0000000000000110 1
isfile: 272 is a file
getfile 0000000000000110
getfile 0000000000000110 -> sz 4
   getattr -> 4
   unique: 392, success, outsize: 144
unique: 393, opcode: UNLINK (10), nodeid: 253, insize: 45, pid: 36966
issymlink: 253 is not a symbolic link
getfile 00000000000000fd
getfile 00000000000000fd -> sz 25
   unique: 393, success, outsize: 16
unique: 395, opcode: FORGET (2), nodeid: 272, insize: 48, pid: 0
unique: 394, opcode: LOOKUP (1), nodeid: 1, insize: 45, pid: 36966
issymlink: 1 is not a symbolic link
getfile 0000000000000001
getfile 0000000000000001 -> sz 15301
getattr 00000000000000fd 0
issymlink: 253 is not a symbolic link
getdir 00000000000000fd
   getattr -> 0 115133275 115133275
   unique: 394, success, outsize: 144
unique: 396, opcode: LOOKUP (1), nodeid: 253, insize: 45, pid: 36966
issymlink: 253 is not a symbolic link
getfile 00000000000000fd
getfile 00000000000000fd -> sz 16
isfile: 273 is a file
getattr 0000000000000111 1
isfile: 273 is a file
getfile 0000000000000111
getfile 0000000000000111 -> sz 4
   getattr -> 4
   unique: 396, success, outsize: 144
unique: 397, opcode: UNLINK (10), nodeid: 253, insize: 45, pid: 36966
issymlink: 253 is not a symbolic link
getfile 00000000000000fd
getfile 00000000000000fd -> sz 16
   unique: 397, success, outsize: 16
unique: 398, opcode: FORGET (2), nodeid: 273, insize: 48, pid: 0
unique: 399, opcode: LOOKUP (1), nodeid: 1, insize: 45, pid: 36966
issymlink: 1 is not a symbolic link
getfile 0000000000000001
getfile 0000000000000001 -> sz 15301
getattr 00000000000000fd 0
issymlink: 253 is not a symbolic link
getdir 00000000000000fd
   getattr -> 0 133246002 133246002
   unique: 399, success, outsize: 144
unique: 400, opcode: LOOKUP (1), nodeid: 253, insize: 43, pid: 36966
issymlink: 253 is not a symbolic link
getfile 00000000000000fd
getfile 00000000000000fd -> sz 15
isfile: 254 is a file
getattr 00000000000000fe 1
isfile: 254 is a file
getfile 00000000000000fe
getfile 00000000000000fe -> sz 20000
   getattr -> 20000
   unique: 400, success, outsize: 144
unique: 401, opcode: OPEN (14), nodeid: 254, insize: 48, pid: 36966
   unique: 401, success, outsize: 32
unique: 402, opcode: GETATTR (3), nodeid: 254, insize: 56, pid: 36966
isfile: 254 is a file
getattr 00000000000000fe 1
isfile: 254 is a file
getfile 00000000000000fe
getfile 00000000000000fe -> sz 20000
   getattr -> 20000
   unique: 402, success, outsize: 120
unique: 403, opcode: READ (15), nodeid: 254, insize: 80, pid: 36966
   unique: 403, success, outsize: 20016
unique: 404, opcode: RELEASE (18), nodeid: 254, insize: 64, pid: 0
   unique: 404, success, outsize: 16
unique: 405, opcode: FORGET (2), nodeid: 263, insize: 48, pid: 0
unique: 406, opcode: FORGET (2), nodeid: 262, insize: 48, pid: 0
unique: 407, opcode: FORGET (2), nodeid: 261, insize: 48, pid: 0
unique: 408, opcode: FORGET (2), nodeid: 260, insize: 48, pid: 0
unique: 409, opcode: FORGET (2), nodeid: 259, insize: 48, pid: 0
unique: 410, opcode: FORGET (2), nodeid: 258, insize: 48, pid: 0
unique: 411, opcode: FORGET (2), nodeid: 257, insize: 48, pid: 0
unique: 412, opcode: FORGET (2), nodeid: 256, insize: 48, pid: 0
unique: 413, opcode: FORGET (2), nodeid: 255, insize: 48, pid: 0
unique: 414, opcode: FORGET (2), nodeid: 254, insize: 48, pid: 0
unique: 415, opcode: FORGET (2), nodeid: 253, insize: 48, pid: 0
unique: 416, opcode: FORGET (2), nodeid: 251, insize: 48, pid: 0
unique: 417, opcode: FORGET (2), nodeid: 252, insize: 48, pid: 0
unique: 418, opcode: FORGET (2), nodeid: 250, insize: 48, pid: 0
unique: 419, opcode: FORGET (2), nodeid: 1, insize: 48, pid: 0
fuse: failed to unmount /home/stu/devlop/lab/yfs2: Invalid argument
